Mplus VERSION 8.2
MUTHEN & MUTHEN
02/20/2021  10:49 PM

INPUT INSTRUCTIONS

  TITLE: Ballots Project Mediation Model - Study 2

  DATA: FILE IS study2.txt;

  VARIABLE:
  NAMES ARE subj_id fluency2_r fluency3 fluency4 flesch_reading_ease_fulltext
  ngram_uses_mean_fulltext_NSW norming_familiarity norming_importance norming_interest
  Choice_OAS Choice_AOS;
  USEVARIABLES ARE subj_id ngram_uses_mean_fulltext_NSW fluency2_r fluency3 fluency4
  Choice_OAS norming_familiarity norming_importance norming_interest;
  	CATEGORICAL IS Choice_OAS;
  	MISSING ARE ALL (-99);
  	CLUSTER IS subj_id;

  ANALYSIS:
  	TYPE IS complex;
  	ESTIMATOR IS MLR;

  MODEL:
  	fluency BY fluency2_r fluency3 fluency4;
  	ngram_uses_mean_fulltext_NSW ON norming_familiarity norming_importance
    norming_interest;
  	fluency ON ngram_uses_mean_fulltext_NSW (a);
  	fluency ON norming_familiarity norming_importance norming_interest;
      Choice_OAS ON fluency (b);
      Choice_OAS ON ngram_uses_mean_fulltext_NSW (c);
  	Choice_OAS ON norming_familiarity norming_importance norming_interest;

  MODEL CONSTRAINT:
  	NEW(ind total prop);
  	ind=a*b;
  	total = ind + c;
  	prop=ind/total;

  OUTPUT:
  	sampstat standardized cinterval;



*** WARNING in VARIABLE command
  Note that only the first 8 characters of variable names are used in the output.
  Shorten variable names to avoid any confusion.
   1 WARNING(S) FOUND IN THE INPUT INSTRUCTIONS



Ballots Project Mediation Model - Study 2

SUMMARY OF ANALYSIS

Number of groups                                                 1
Number of observations                                        2875

Number of dependent variables                                    5
Number of independent variables                                  3
Number of continuous latent variables                            1

Observed dependent variables

  Continuous
   NGRAM_USES  FLUENCY2_R  FLUENCY3    FLUENCY4

  Binary and ordered categorical (ordinal)
   CHOICE_O

Observed independent variables
   NORMING_    NORMING_    NORMING_

Continuous latent variables
   FLUENCY

Variables with special functions

  Cluster variable      SUBJ_ID

Estimator                                                      MLR
Information matrix                                        OBSERVED
Optimization Specifications for the Quasi-Newton Algorithm for
Continuous Outcomes
  Maximum number of iterations                                 100
  Convergence criterion                                  0.100D-05
Optimization Specifications for the EM Algorithm
  Maximum number of iterations                                 500
  Convergence criteria
    Loglikelihood change                                 0.100D-02
    Relative loglikelihood change                        0.100D-05
    Derivative                                           0.100D-02
Optimization Specifications for the M step of the EM Algorithm for
Categorical Latent variables
  Number of M step iterations                                    1
  M step convergence criterion                           0.100D-02
  Basis for M step termination                           ITERATION
Optimization Specifications for the M step of the EM Algorithm for
Censored, Binary or Ordered Categorical (Ordinal), Unordered
Categorical (Nominal) and Count Outcomes
  Number of M step iterations                                    1
  M step convergence criterion                           0.100D-02
  Basis for M step termination                           ITERATION
  Maximum value for logit thresholds                            15
  Minimum value for logit thresholds                           -15
  Minimum expected cell size for chi-square              0.100D-01
Maximum number of iterations for H1                           2000
Convergence criterion for H1                             0.100D-03
Optimization algorithm                                         EMA
Integration Specifications
  Type                                                    STANDARD
  Number of integration points                                  15
  Dimensions of numerical integration                            1
  Adaptive quadrature                                           ON
Link                                                         LOGIT
Cholesky                                                       OFF

Input data file(s)
  study2.txt
Input data format  FREE


SUMMARY OF DATA

     Number of missing data patterns             1
     Number of y missing data patterns           1
     Number of u missing data patterns           1
     Number of clusters                        120



COVARIANCE COVERAGE OF DATA

Minimum covariance coverage value   0.100


     PROPORTION OF DATA PRESENT FOR Y


           Covariance Coverage
              NGRAM_US      FLUENCY2      FLUENCY3      FLUENCY4      NORMING_
              ________      ________      ________      ________      ________
 NGRAM_US       1.000
 FLUENCY2       1.000         1.000
 FLUENCY3       1.000         1.000         1.000
 FLUENCY4       1.000         1.000         1.000         1.000
 NORMING_       1.000         1.000         1.000         1.000         1.000
 NORMING_       1.000         1.000         1.000         1.000         1.000
 NORMING_       1.000         1.000         1.000         1.000         1.000


           Covariance Coverage
              NORMING_      NORMING_
              ________      ________
 NORMING_       1.000
 NORMING_       1.000         1.000


UNIVARIATE PROPORTIONS AND COUNTS FOR CATEGORICAL VARIABLES

    CHOICE_O
      Category 1    0.255          734.000
      Category 2    0.165          475.000
      Category 3    0.579         1666.000


SAMPLE STATISTICS


     ESTIMATED SAMPLE STATISTICS


           Means
              NGRAM_US      FLUENCY2      FLUENCY3      FLUENCY4      NORMING_
              ________      ________      ________      ________      ________
                1.682         4.440         4.625         4.653         2.903


           Means
              NORMING_      NORMING_
              ________      ________
                3.992         3.687


           Covariances
              NGRAM_US      FLUENCY2      FLUENCY3      FLUENCY4      NORMING_
              ________      ________      ________      ________      ________
 NGRAM_US       0.353
 FLUENCY2       0.199         3.430
 FLUENCY3       0.172         2.788         3.365
 FLUENCY4       0.200         2.833         2.822         3.345
 NORMING_       0.034         0.460         0.461         0.439         0.292
 NORMING_      -0.024         0.252         0.273         0.237         0.199
 NORMING_       0.015         0.416         0.416         0.396         0.241


           Covariances
              NORMING_      NORMING_
              ________      ________
 NORMING_       0.201
 NORMING_       0.195         0.248


           Correlations
              NGRAM_US      FLUENCY2      FLUENCY3      FLUENCY4      NORMING_
              ________      ________      ________      ________      ________
 NGRAM_US       1.000
 FLUENCY2       0.181         1.000
 FLUENCY3       0.158         0.821         1.000
 FLUENCY4       0.184         0.836         0.841         1.000
 NORMING_       0.105         0.460         0.464         0.444         1.000
 NORMING_      -0.091         0.304         0.332         0.290         0.820
 NORMING_       0.050         0.450         0.455         0.435         0.894


           Correlations
              NORMING_      NORMING_
              ________      ________
 NORMING_       1.000
 NORMING_       0.873         1.000


     MAXIMUM LOG-LIKELIHOOD VALUE FOR THE UNRESTRICTED (H1) MODEL IS -17386.031


UNIVARIATE SAMPLE STATISTICS


     UNIVARIATE HIGHER-ORDER MOMENT DESCRIPTIVE STATISTICS

         Variable/         Mean/     Skewness/   Minimum/ % with                Percentiles
        Sample Size      Variance    Kurtosis    Maximum  Min/Max      20%/60%    40%/80%    Median

     NGRAM_USES_MEAN       1.682       0.275       0.509    4.14%       1.332      1.432      1.476
            2875.000       0.353      -0.762       2.744    4.17%       1.683      2.368
     FLUENCY2_R            4.440      -0.245       1.000    5.36%       3.000      4.000      5.000
            2875.000       3.430      -1.249       7.000   13.57%       5.000      6.000
     FLUENCY3              4.625      -0.436       1.000    4.83%       3.000      5.000      5.000
            2875.000       3.365      -1.096       7.000   14.92%       6.000      6.000
     FLUENCY4              4.653      -0.450       1.000    4.73%       3.000      5.000      5.000
            2875.000       3.345      -1.075       7.000   15.37%       6.000      6.000
     NORMING_FAMILIA       2.903      -0.097       1.794    4.17%       2.520      2.660      2.804
            2875.000       0.292      -0.826       3.743    4.17%       3.039      3.598
     NORMING_IMPORTA       3.992      -0.189       2.882    4.17%       3.510      3.882      4.059
            2875.000       0.201       0.091       4.941    4.17%       4.137      4.248
     NORMING_INTERES       3.687       0.125       2.686    4.17%       3.314      3.510      3.693
            2875.000       0.248      -0.588       4.693    4.17%       3.755      4.167


THE MODEL ESTIMATION TERMINATED NORMALLY



MODEL FIT INFORMATION

Number of Free Parameters                       25

Loglikelihood

          H0 Value                      -18371.052
          H0 Scaling Correction Factor      2.8537
            for MLR

Information Criteria

          Akaike (AIC)                   36792.105
          Bayesian (BIC)                 36941.200
          Sample-Size Adjusted BIC       36861.766
            (n* = (n + 2) / 24)



MODEL RESULTS

                                                    Two-Tailed
                    Estimate       S.E.  Est./S.E.    P-Value

 FLUENCY  BY
    FLUENCY2_R         1.000      0.000    999.000    999.000
    FLUENCY3           0.994      0.020     49.932      0.000
    FLUENCY4           1.007      0.019     53.339      0.000

 FLUENCY    ON
    NGRAM_USES         0.267      0.039      6.845      0.000
    NORMING_FA         1.098      0.111      9.896      0.000
    NORMING_IM        -1.424      0.107    -13.276      0.000
    NORMING_IN         1.681      0.144     11.691      0.000

 CHOICE_OAS ON
    FLUENCY            0.232      0.035      6.578      0.000

 NGRAM_USES ON
    NORMING_FA         0.470      0.001    785.563      0.000
    NORMING_IM        -0.844      0.002   -387.905      0.000
    NORMING_IN         0.265      0.001    203.717      0.000

 CHOICE_OAS ON
    NGRAM_USES        -0.304      0.064     -4.727      0.000
    NORMING_FA        -0.499      0.157     -3.169      0.002
    NORMING_IM         1.167      0.208      5.608      0.000
    NORMING_IN        -0.611      0.206     -2.969      0.003

 Intercepts
    NGRAM_USES         2.706      0.003   1008.408      0.000
    FLUENCY2_R         0.290      0.263      1.105      0.269
    FLUENCY3           0.499      0.269      1.852      0.064
    FLUENCY4           0.473      0.268      1.764      0.078

 Thresholds
    CHOICE_O$1         0.277      0.409      0.678      0.498
    CHOICE_O$2         1.056      0.416      2.542      0.011

 Residual Variances
    NGRAM_USES         0.313      0.000   1897.669      0.000
    FLUENCY2_R         0.618      0.091      6.750      0.000
    FLUENCY3           0.585      0.073      7.999      0.000
    FLUENCY4           0.493      0.065      7.607      0.000
    FLUENCY            1.939      0.108     17.998      0.000

New/Additional Parameters
    IND                0.062      0.014      4.351      0.000
    TOTAL             -0.242      0.064     -3.795      0.000
    PROP              -0.256      0.093     -2.761      0.006


LOGISTIC REGRESSION ODDS RATIO RESULTS

                                         (Est. - 1) Two-Tailed
                    Estimate       S.E.     / S.E.    P-Value

 CHOICE_OAS ON
    FLUENCY            1.261      0.044      5.871      0.000

 CHOICE_OAS ON
    NGRAM_USES         0.738      0.047     -5.524      0.000
    NORMING_FA         0.607      0.096     -4.109      0.000
    NORMING_IM         3.213      0.669      3.309      0.001
    NORMING_IN         0.543      0.112     -4.093      0.000


BRANT WALD TEST FOR PROPORTIONAL ODDS

                                   Degrees of
                      Chi-Square     Freedom   P-Value

  CHOICE_OAS
    Overall test          87.125         3      0.000
    NORMING_FAMI           1.838         1      0.175
    NORMING_IMPO           0.308         1      0.579
    NORMING_INTE           7.825         1      0.005


STANDARDIZED MODEL RESULTS


STDYX Standardization

                                                    Two-Tailed
                    Estimate       S.E.  Est./S.E.    P-Value

 FLUENCY  BY
    FLUENCY2_R         0.906      0.014     63.058      0.000
    FLUENCY3           0.909      0.012     77.415      0.000
    FLUENCY4           0.923      0.010     88.420      0.000

 FLUENCY    ON
    NGRAM_USES         0.095      0.013      7.028      0.000
    NORMING_FA         0.354      0.034     10.306      0.000
    NORMING_IM        -0.381      0.028    -13.528      0.000
    NORMING_IN         0.500      0.043     11.728      0.000

 CHOICE_OAS ON
    FLUENCY            0.209      0.031      6.807      0.000

 NGRAM_USES ON
    NORMING_FA         0.428      0.006     75.989      0.000
    NORMING_IM        -0.636      0.008    -75.022      0.000
    NORMING_IN         0.222      0.003     71.627      0.000

 CHOICE_OAS ON
    NGRAM_USES        -0.097      0.020     -4.781      0.000
    NORMING_FA        -0.145      0.046     -3.178      0.001
    NORMING_IM         0.281      0.049      5.706      0.000
    NORMING_IN        -0.163      0.055     -2.993      0.003

 Intercepts
    NGRAM_USES         4.553      0.008    606.762      0.000
    FLUENCY2_R         0.157      0.143      1.099      0.272
    FLUENCY3           0.272      0.148      1.832      0.067
    FLUENCY4           0.258      0.148      1.745      0.081

 Thresholds
    CHOICE_O$1         0.149      0.219      0.679      0.497
    CHOICE_O$2         0.567      0.222      2.551      0.011

 Residual Variances
    NGRAM_USES         0.886      0.003    329.084      0.000
    FLUENCY2_R         0.180      0.026      6.924      0.000
    FLUENCY3           0.174      0.021      8.142      0.000
    FLUENCY4           0.147      0.019      7.638      0.000
    FLUENCY            0.690      0.018     39.210      0.000


STDY Standardization

                                                    Two-Tailed
                    Estimate       S.E.  Est./S.E.    P-Value

 FLUENCY  BY
    FLUENCY2_R         0.906      0.014     63.058      0.000
    FLUENCY3           0.909      0.012     77.415      0.000
    FLUENCY4           0.923      0.010     88.420      0.000

 FLUENCY    ON
    NGRAM_USES         0.095      0.013      7.028      0.000
    NORMING_FA         0.655      0.063     10.354      0.000
    NORMING_IM        -0.849      0.062    -13.698      0.000
    NORMING_IN         1.003      0.085     11.802      0.000

 CHOICE_OAS ON
    FLUENCY            0.209      0.031      6.807      0.000

 NGRAM_USES ON
    NORMING_FA         0.791      0.001    568.498      0.000
    NORMING_IM        -1.419      0.004   -387.701      0.000
    NORMING_IN         0.446      0.002    213.850      0.000

 CHOICE_OAS ON
    NGRAM_USES        -0.097      0.020     -4.781      0.000
    NORMING_FA        -0.267      0.084     -3.181      0.001
    NORMING_IM         0.626      0.109      5.722      0.000
    NORMING_IN        -0.328      0.109     -2.995      0.003

 Intercepts
    NGRAM_USES         4.553      0.008    606.762      0.000
    FLUENCY2_R         0.157      0.143      1.099      0.272
    FLUENCY3           0.272      0.148      1.832      0.067
    FLUENCY4           0.258      0.148      1.745      0.081

 Thresholds
    CHOICE_O$1         0.149      0.219      0.679      0.497
    CHOICE_O$2         0.567      0.222      2.551      0.011

 Residual Variances
    NGRAM_USES         0.886      0.003    329.084      0.000
    FLUENCY2_R         0.180      0.026      6.924      0.000
    FLUENCY3           0.174      0.021      8.142      0.000
    FLUENCY4           0.147      0.019      7.638      0.000
    FLUENCY            0.690      0.018     39.210      0.000


STD Standardization

                                                    Two-Tailed
                    Estimate       S.E.  Est./S.E.    P-Value

 FLUENCY  BY
    FLUENCY2_R         1.677      0.042     40.260      0.000
    FLUENCY3           1.668      0.040     41.857      0.000
    FLUENCY4           1.689      0.038     44.367      0.000

 FLUENCY    ON
    NGRAM_USES         0.159      0.023      7.023      0.000
    NORMING_FA         0.655      0.063     10.354      0.000
    NORMING_IM        -0.849      0.062    -13.698      0.000
    NORMING_IN         1.003      0.085     11.802      0.000

 CHOICE_OAS ON
    FLUENCY            0.389      0.059      6.598      0.000

 NGRAM_USES ON
    NORMING_FA         0.470      0.001    785.563      0.000
    NORMING_IM        -0.844      0.002   -387.905      0.000
    NORMING_IN         0.265      0.001    203.717      0.000

 CHOICE_OAS ON
    NGRAM_USES        -0.304      0.064     -4.727      0.000
    NORMING_FA        -0.499      0.157     -3.169      0.002
    NORMING_IM         1.167      0.208      5.608      0.000
    NORMING_IN        -0.611      0.206     -2.969      0.003

 Intercepts
    NGRAM_USES         2.706      0.003   1008.408      0.000
    FLUENCY2_R         0.290      0.263      1.105      0.269
    FLUENCY3           0.499      0.269      1.852      0.064
    FLUENCY4           0.473      0.268      1.764      0.078

 Thresholds
    CHOICE_O$1         0.277      0.409      0.678      0.498
    CHOICE_O$2         1.056      0.416      2.542      0.011

 Residual Variances
    NGRAM_USES         0.313      0.000   1897.669      0.000
    FLUENCY2_R         0.618      0.091      6.750      0.000
    FLUENCY3           0.585      0.073      7.999      0.000
    FLUENCY4           0.493      0.065      7.607      0.000
    FLUENCY            0.690      0.018     39.210      0.000


R-SQUARE

    Observed                                        Two-Tailed
    Variable        Estimate       S.E.  Est./S.E.    P-Value

    CHOICE_O           0.053      0.011      4.836      0.000
    NGRAM_US           0.114      0.003     42.326      0.000
    FLUENCY2           0.820      0.026     31.529      0.000
    FLUENCY3           0.826      0.021     38.708      0.000
    FLUENCY4           0.853      0.019     44.210      0.000

     Latent                                         Two-Tailed
    Variable        Estimate       S.E.  Est./S.E.    P-Value

    FLUENCY            0.310      0.018     17.650      0.000


QUALITY OF NUMERICAL RESULTS

     Condition Number for the Information Matrix              0.270E-05
       (ratio of smallest to largest eigenvalue)


CONFIDENCE INTERVALS OF MODEL RESULTS

                  Lower .5%  Lower 2.5%    Lower 5%    Estimate    Upper 5%  Upper 2.5%   Upper .5%

 FLUENCY  BY
    FLUENCY2_R       1.000       1.000       1.000       1.000       1.000       1.000       1.000
    FLUENCY3         0.943       0.955       0.962       0.994       1.027       1.033       1.046
    FLUENCY4         0.959       0.970       0.976       1.007       1.038       1.044       1.056

 FLUENCY  ON
    NGRAM_USES       0.167       0.191       0.203       0.267       0.332       0.344       0.368
    NORMING_FA       0.812       0.880       0.915       1.098       1.280       1.315       1.383
    NORMING_IM      -1.701      -1.635      -1.601      -1.424      -1.248      -1.214      -1.148
    NORMING_IN       1.311       1.399       1.445       1.681       1.918       1.963       2.052

 CHOICE_O ON
    FLUENCY          0.141       0.163       0.174       0.232       0.290       0.301       0.323

 NGRAM_US ON
    NORMING_FA       0.469       0.469       0.469       0.470       0.471       0.472       0.472
    NORMING_IM      -0.849      -0.848      -0.847      -0.844      -0.840      -0.839      -0.838
    NORMING_IN       0.262       0.263       0.263       0.265       0.267       0.268       0.269

 CHOICE_O ON
    NGRAM_USES      -0.470      -0.430      -0.410      -0.304      -0.198      -0.178      -0.138
    NORMING_FA      -0.904      -0.807      -0.757      -0.499      -0.240      -0.190      -0.093
    NORMING_IM       0.631       0.759       0.825       1.167       1.510       1.575       1.703
    NORMING_IN      -1.141      -1.015      -0.950      -0.611      -0.273      -0.208      -0.081

 Intercepts
    NGRAM_USES       2.699       2.701       2.702       2.706       2.711       2.712       2.713
    FLUENCY2_R      -0.386      -0.224      -0.142       0.290       0.722       0.805       0.967
    FLUENCY3        -0.195      -0.029       0.056       0.499       0.941       1.026       1.192
    FLUENCY4        -0.217      -0.052       0.032       0.473       0.913       0.998       1.163

 Thresholds
    CHOICE_O$1      -0.775      -0.524      -0.395       0.277       0.949       1.078       1.330
    CHOICE_O$2      -0.014       0.242       0.373       1.056       1.740       1.871       2.127

 Residual Variances
    NGRAM_USES       0.313       0.313       0.313       0.313       0.313       0.313       0.314
    FLUENCY2_R       0.382       0.438       0.467       0.618       0.768       0.797       0.853
    FLUENCY3         0.397       0.442       0.465       0.585       0.705       0.728       0.773
    FLUENCY4         0.326       0.366       0.386       0.493       0.599       0.620       0.660
    FLUENCY          1.662       1.728       1.762       1.939       2.116       2.150       2.217

New/Additional Parameters
    IND              0.025       0.034       0.039       0.062       0.085       0.090       0.099
    TOTAL           -0.406      -0.367      -0.347      -0.242      -0.137      -0.117      -0.078
    PROP            -0.495      -0.438      -0.409      -0.256      -0.104      -0.074      -0.017


CONFIDENCE INTERVALS FOR THE LOGISTIC REGRESSION ODDS RATIO RESULTS

 CHOICE_O ON
    FLUENCY          1.152       1.177       1.190       1.261       1.336       1.351       1.381

 CHOICE_O ON
    NGRAM_USES       0.625       0.651       0.664       0.738       0.820       0.837       0.871
    NORMING_FA       0.405       0.446       0.469       0.607       0.787       0.827       0.911
    NORMING_IM       1.880       2.137       2.281       3.213       4.525       4.832       5.493
    NORMING_IN       0.319       0.363       0.387       0.543       0.761       0.812       0.922


CONFIDENCE INTERVALS OF STANDARDIZED MODEL RESULTS


STDYX Standardization

                  Lower .5%  Lower 2.5%    Lower 5%    Estimate    Upper 5%  Upper 2.5%   Upper .5%

 FLUENCY  BY
    FLUENCY2_R       0.869       0.877       0.882       0.906       0.929       0.934       0.942
    FLUENCY3         0.879       0.886       0.890       0.909       0.928       0.932       0.939
    FLUENCY4         0.897       0.903       0.906       0.923       0.941       0.944       0.950

 FLUENCY  ON
    NGRAM_USES       0.060       0.068       0.073       0.095       0.117       0.121       0.130
    NORMING_FA       0.265       0.287       0.297       0.354       0.410       0.421       0.442
    NORMING_IM      -0.453      -0.436      -0.427      -0.381      -0.334      -0.326      -0.308
    NORMING_IN       0.390       0.416       0.430       0.500       0.570       0.583       0.609

 CHOICE_O ON
    FLUENCY          0.130       0.149       0.158       0.209       0.259       0.269       0.288

 NGRAM_US ON
    NORMING_FA       0.413       0.417       0.419       0.428       0.437       0.439       0.442
    NORMING_IM      -0.658      -0.653      -0.650      -0.636      -0.622      -0.620      -0.614
    NORMING_IN       0.214       0.216       0.217       0.222       0.227       0.228       0.230

 CHOICE_O ON
    NGRAM_USES      -0.149      -0.137      -0.130      -0.097      -0.064      -0.057      -0.045
    NORMING_FA      -0.262      -0.234      -0.219      -0.145      -0.070      -0.055      -0.027
    NORMING_IM       0.154       0.184       0.200       0.281       0.362       0.377       0.407
    NORMING_IN      -0.304      -0.270      -0.253      -0.163      -0.074      -0.056      -0.023

 Intercepts
    NGRAM_USES       4.533       4.538       4.540       4.553       4.565       4.567       4.572
    FLUENCY2_R      -0.211      -0.123      -0.078       0.157       0.391       0.436       0.524
    FLUENCY3        -0.110      -0.019       0.028       0.272       0.516       0.563       0.654
    FLUENCY4        -0.123      -0.032       0.015       0.258       0.502       0.549       0.640

 Thresholds
    CHOICE_O$1      -0.416      -0.281      -0.212       0.149       0.509       0.578       0.713
    CHOICE_O$2      -0.006       0.131       0.201       0.567       0.932       1.002       1.139

 Residual Variances
    NGRAM_USES       0.879       0.881       0.882       0.886       0.890       0.891       0.893
    FLUENCY2_R       0.113       0.129       0.137       0.180       0.223       0.231       0.247
    FLUENCY3         0.119       0.132       0.139       0.174       0.209       0.216       0.229
    FLUENCY4         0.098       0.110       0.116       0.147       0.179       0.185       0.197
    FLUENCY          0.644       0.655       0.661       0.690       0.719       0.724       0.735


STDY Standardization

                  Lower .5%  Lower 2.5%    Lower 5%    Estimate    Upper 5%  Upper 2.5%   Upper .5%

 FLUENCY  BY
    FLUENCY2_R       0.869       0.877       0.882       0.906       0.929       0.934       0.942
    FLUENCY3         0.879       0.886       0.890       0.909       0.928       0.932       0.939
    FLUENCY4         0.897       0.903       0.906       0.923       0.941       0.944       0.950

 FLUENCY  ON
    NGRAM_USES       0.060       0.068       0.073       0.095       0.117       0.121       0.130
    NORMING_FA       0.492       0.531       0.551       0.655       0.758       0.778       0.817
    NORMING_IM      -1.009      -0.971      -0.951      -0.849      -0.747      -0.728      -0.690
    NORMING_IN       0.784       0.836       0.863       1.003       1.142       1.169       1.222

 CHOICE_O ON
    FLUENCY          0.130       0.149       0.158       0.209       0.259       0.269       0.288

 NGRAM_US ON
    NORMING_FA       0.788       0.789       0.789       0.791       0.794       0.794       0.795
    NORMING_IM      -1.429      -1.426      -1.425      -1.419      -1.413      -1.412      -1.410
    NORMING_IN       0.441       0.442       0.443       0.446       0.450       0.450       0.452

 CHOICE_O ON
    NGRAM_USES      -0.149      -0.137      -0.130      -0.097      -0.064      -0.057      -0.045
    NORMING_FA      -0.484      -0.432      -0.406      -0.267      -0.129      -0.103      -0.051
    NORMING_IM       0.344       0.412       0.446       0.626       0.806       0.841       0.908
    NORMING_IN      -0.610      -0.543      -0.508      -0.328      -0.148      -0.113      -0.046

 Intercepts
    NGRAM_USES       4.533       4.538       4.540       4.553       4.565       4.567       4.572
    FLUENCY2_R      -0.211      -0.123      -0.078       0.157       0.391       0.436       0.524
    FLUENCY3        -0.110      -0.019       0.028       0.272       0.516       0.563       0.654
    FLUENCY4        -0.123      -0.032       0.015       0.258       0.502       0.549       0.640

 Thresholds
    CHOICE_O$1      -0.416      -0.281      -0.212       0.149       0.509       0.578       0.713
    CHOICE_O$2      -0.006       0.131       0.201       0.567       0.932       1.002       1.139

 Residual Variances
    NGRAM_USES       0.879       0.881       0.882       0.886       0.890       0.891       0.893
    FLUENCY2_R       0.113       0.129       0.137       0.180       0.223       0.231       0.247
    FLUENCY3         0.119       0.132       0.139       0.174       0.209       0.216       0.229
    FLUENCY4         0.098       0.110       0.116       0.147       0.179       0.185       0.197
    FLUENCY          0.644       0.655       0.661       0.690       0.719       0.724       0.735


STD Standardization

                  Lower .5%  Lower 2.5%    Lower 5%    Estimate    Upper 5%  Upper 2.5%   Upper .5%

 FLUENCY  BY
    FLUENCY2_R       1.570       1.595       1.608       1.677       1.745       1.759       1.784
    FLUENCY3         1.565       1.589       1.602       1.668       1.733       1.746       1.770
    FLUENCY4         1.591       1.614       1.626       1.689       1.752       1.764       1.787

 FLUENCY  ON
    NGRAM_USES       0.101       0.115       0.122       0.159       0.197       0.204       0.218
    NORMING_FA       0.492       0.531       0.551       0.655       0.758       0.778       0.817
    NORMING_IM      -1.009      -0.971      -0.951      -0.849      -0.747      -0.728      -0.690
    NORMING_IN       0.784       0.836       0.863       1.003       1.142       1.169       1.222

 CHOICE_O ON
    FLUENCY          0.237       0.273       0.292       0.389       0.486       0.504       0.541

 NGRAM_US ON
    NORMING_FA       0.469       0.469       0.469       0.470       0.471       0.472       0.472
    NORMING_IM      -0.849      -0.848      -0.847      -0.844      -0.840      -0.839      -0.838
    NORMING_IN       0.262       0.263       0.263       0.265       0.267       0.268       0.269

 CHOICE_O ON
    NGRAM_USES      -0.470      -0.430      -0.410      -0.304      -0.198      -0.178      -0.138
    NORMING_FA      -0.904      -0.807      -0.757      -0.499      -0.240      -0.190      -0.093
    NORMING_IM       0.631       0.759       0.825       1.167       1.510       1.575       1.703
    NORMING_IN      -1.141      -1.015      -0.950      -0.611      -0.273      -0.208      -0.081

 Intercepts
    NGRAM_USES       2.699       2.701       2.702       2.706       2.711       2.712       2.713
    FLUENCY2_R      -0.386      -0.224      -0.142       0.290       0.722       0.805       0.967
    FLUENCY3        -0.195      -0.029       0.056       0.499       0.941       1.026       1.192
    FLUENCY4        -0.217      -0.052       0.032       0.473       0.913       0.998       1.163

 Thresholds
    CHOICE_O$1      -0.775      -0.524      -0.395       0.277       0.949       1.078       1.330
    CHOICE_O$2      -0.014       0.242       0.373       1.056       1.740       1.871       2.127

 Residual Variances
    NGRAM_USES       0.313       0.313       0.313       0.313       0.313       0.313       0.314
    FLUENCY2_R       0.382       0.438       0.467       0.618       0.768       0.797       0.853
    FLUENCY3         0.397       0.442       0.465       0.585       0.705       0.728       0.773
    FLUENCY4         0.326       0.366       0.386       0.493       0.599       0.620       0.660
    FLUENCY          0.644       0.655       0.661       0.690       0.719       0.724       0.735


DIAGRAM INFORMATION

  Use View Diagram under the Diagram menu in the Mplus Editor to view the diagram.
  If running Mplus from the Mplus Diagrammer, the diagram opens automatically.

  Diagram output
    c:\users\sweitzer.34\documents\ballots_project\study2\study2_oas.dgm

     Beginning Time:  22:49:18
        Ending Time:  22:49:21
       Elapsed Time:  00:00:03



MUTHEN & MUTHEN
3463 Stoner Ave.
Los Angeles, CA  90066

Tel: (310) 391-9971
Fax: (310) 391-8971
Web: www.StatModel.com
Support: Support@StatModel.com

Copyright (c) 1998-2018 Muthen & Muthen
