Mplus VERSION 8.2
MUTHEN & MUTHEN
02/20/2021  10:49 PM

INPUT INSTRUCTIONS

  TITLE: Ballots Project Mediation Model - Study 2

  DATA: FILE IS study2.txt;

  VARIABLE:
    NAMES ARE subj_id fluency2_r fluency3 fluency4 flesch_reading_ease_fulltext
    ngram_uses_mean_fulltext_NSW norming_familiarity norming_importance norming_interest
    Choice_OAS Choice_AOS;
    USEVARIABLES ARE subj_id ngram_uses_mean_fulltext_NSW fluency2_r fluency3 fluency4
    Choice_AOS norming_familiarity norming_importance norming_interest;
  	CATEGORICAL IS Choice_AOS;
  	MISSING ARE ALL (-99);
  	CLUSTER IS subj_id;

  ANALYSIS:
  	TYPE IS complex;
  	ESTIMATOR IS MLR;

  MODEL:
  	fluency BY fluency2_r fluency3 fluency4;
  	ngram_uses_mean_fulltext_NSW ON norming_familiarity norming_importance
    norming_interest;
  	fluency ON ngram_uses_mean_fulltext_NSW (a);
  	fluency ON norming_familiarity norming_importance norming_interest;
      Choice_AOS ON fluency (b);
      Choice_AOS ON ngram_uses_mean_fulltext_NSW (c);
  	Choice_AOS ON norming_familiarity norming_importance norming_interest;

  MODEL CONSTRAINT:
  	NEW(ind total prop);
  	ind=a*b;
  	total = ind + c;
  	prop=ind/total;

  OUTPUT:
  	sampstat standardized cinterval;



*** WARNING in VARIABLE command
  Note that only the first 8 characters of variable names are used in the output.
  Shorten variable names to avoid any confusion.
   1 WARNING(S) FOUND IN THE INPUT INSTRUCTIONS



Ballots Project Mediation Model - Study 2

SUMMARY OF ANALYSIS

Number of groups                                                 1
Number of observations                                        2875

Number of dependent variables                                    5
Number of independent variables                                  3
Number of continuous latent variables                            1

Observed dependent variables

  Continuous
   NGRAM_USES  FLUENCY2_R  FLUENCY3    FLUENCY4

  Binary and ordered categorical (ordinal)
   CHOICE_A

Observed independent variables
   NORMING_    NORMING_    NORMING_

Continuous latent variables
   FLUENCY

Variables with special functions

  Cluster variable      SUBJ_ID

Estimator                                                      MLR
Information matrix                                        OBSERVED
Optimization Specifications for the Quasi-Newton Algorithm for
Continuous Outcomes
  Maximum number of iterations                                 100
  Convergence criterion                                  0.100D-05
Optimization Specifications for the EM Algorithm
  Maximum number of iterations                                 500
  Convergence criteria
    Loglikelihood change                                 0.100D-02
    Relative loglikelihood change                        0.100D-05
    Derivative                                           0.100D-02
Optimization Specifications for the M step of the EM Algorithm for
Categorical Latent variables
  Number of M step iterations                                    1
  M step convergence criterion                           0.100D-02
  Basis for M step termination                           ITERATION
Optimization Specifications for the M step of the EM Algorithm for
Censored, Binary or Ordered Categorical (Ordinal), Unordered
Categorical (Nominal) and Count Outcomes
  Number of M step iterations                                    1
  M step convergence criterion                           0.100D-02
  Basis for M step termination                           ITERATION
  Maximum value for logit thresholds                            15
  Minimum value for logit thresholds                           -15
  Minimum expected cell size for chi-square              0.100D-01
Maximum number of iterations for H1                           2000
Convergence criterion for H1                             0.100D-03
Optimization algorithm                                         EMA
Integration Specifications
  Type                                                    STANDARD
  Number of integration points                                  15
  Dimensions of numerical integration                            1
  Adaptive quadrature                                           ON
Link                                                         LOGIT
Cholesky                                                       OFF

Input data file(s)
  study2.txt
Input data format  FREE


SUMMARY OF DATA

     Number of missing data patterns             1
     Number of y missing data patterns           1
     Number of u missing data patterns           1
     Number of clusters                        120



COVARIANCE COVERAGE OF DATA

Minimum covariance coverage value   0.100


     PROPORTION OF DATA PRESENT FOR Y


           Covariance Coverage
              NGRAM_US      FLUENCY2      FLUENCY3      FLUENCY4      NORMING_
              ________      ________      ________      ________      ________
 NGRAM_US       1.000
 FLUENCY2       1.000         1.000
 FLUENCY3       1.000         1.000         1.000
 FLUENCY4       1.000         1.000         1.000         1.000
 NORMING_       1.000         1.000         1.000         1.000         1.000
 NORMING_       1.000         1.000         1.000         1.000         1.000
 NORMING_       1.000         1.000         1.000         1.000         1.000


           Covariance Coverage
              NORMING_      NORMING_
              ________      ________
 NORMING_       1.000
 NORMING_       1.000         1.000


UNIVARIATE PROPORTIONS AND COUNTS FOR CATEGORICAL VARIABLES

    CHOICE_A
      Category 1    0.165          475.000
      Category 2    0.255          734.000
      Category 3    0.579         1666.000


SAMPLE STATISTICS


     ESTIMATED SAMPLE STATISTICS


           Means
              NGRAM_US      FLUENCY2      FLUENCY3      FLUENCY4      NORMING_
              ________      ________      ________      ________      ________
                1.682         4.440         4.625         4.653         2.903


           Means
              NORMING_      NORMING_
              ________      ________
                3.992         3.687


           Covariances
              NGRAM_US      FLUENCY2      FLUENCY3      FLUENCY4      NORMING_
              ________      ________      ________      ________      ________
 NGRAM_US       0.353
 FLUENCY2       0.199         3.430
 FLUENCY3       0.172         2.788         3.365
 FLUENCY4       0.200         2.833         2.822         3.345
 NORMING_       0.034         0.460         0.461         0.439         0.292
 NORMING_      -0.024         0.252         0.273         0.237         0.199
 NORMING_       0.015         0.416         0.416         0.396         0.241


           Covariances
              NORMING_      NORMING_
              ________      ________
 NORMING_       0.201
 NORMING_       0.195         0.248


           Correlations
              NGRAM_US      FLUENCY2      FLUENCY3      FLUENCY4      NORMING_
              ________      ________      ________      ________      ________
 NGRAM_US       1.000
 FLUENCY2       0.181         1.000
 FLUENCY3       0.158         0.821         1.000
 FLUENCY4       0.184         0.836         0.841         1.000
 NORMING_       0.105         0.460         0.464         0.444         1.000
 NORMING_      -0.091         0.304         0.332         0.290         0.820
 NORMING_       0.050         0.450         0.455         0.435         0.894


           Correlations
              NORMING_      NORMING_
              ________      ________
 NORMING_       1.000
 NORMING_       0.873         1.000


     MAXIMUM LOG-LIKELIHOOD VALUE FOR THE UNRESTRICTED (H1) MODEL IS -17386.031


UNIVARIATE SAMPLE STATISTICS


     UNIVARIATE HIGHER-ORDER MOMENT DESCRIPTIVE STATISTICS

         Variable/         Mean/     Skewness/   Minimum/ % with                Percentiles
        Sample Size      Variance    Kurtosis    Maximum  Min/Max      20%/60%    40%/80%    Median

     NGRAM_USES_MEAN       1.682       0.275       0.509    4.14%       1.332      1.432      1.476
            2875.000       0.353      -0.762       2.744    4.17%       1.683      2.368
     FLUENCY2_R            4.440      -0.245       1.000    5.36%       3.000      4.000      5.000
            2875.000       3.430      -1.249       7.000   13.57%       5.000      6.000
     FLUENCY3              4.625      -0.436       1.000    4.83%       3.000      5.000      5.000
            2875.000       3.365      -1.096       7.000   14.92%       6.000      6.000
     FLUENCY4              4.653      -0.450       1.000    4.73%       3.000      5.000      5.000
            2875.000       3.345      -1.075       7.000   15.37%       6.000      6.000
     NORMING_FAMILIA       2.903      -0.097       1.794    4.17%       2.520      2.660      2.804
            2875.000       0.292      -0.826       3.743    4.17%       3.039      3.598
     NORMING_IMPORTA       3.992      -0.189       2.882    4.17%       3.510      3.882      4.059
            2875.000       0.201       0.091       4.941    4.17%       4.137      4.248
     NORMING_INTERES       3.687       0.125       2.686    4.17%       3.314      3.510      3.693
            2875.000       0.248      -0.588       4.693    4.17%       3.755      4.167


THE MODEL ESTIMATION TERMINATED NORMALLY



MODEL FIT INFORMATION

Number of Free Parameters                       25

Loglikelihood

          H0 Value                      -18324.448
          H0 Scaling Correction Factor      2.8515
            for MLR

Information Criteria

          Akaike (AIC)                   36698.896
          Bayesian (BIC)                 36847.991
          Sample-Size Adjusted BIC       36768.557
            (n* = (n + 2) / 24)



MODEL RESULTS

                                                    Two-Tailed
                    Estimate       S.E.  Est./S.E.    P-Value

 FLUENCY  BY
    FLUENCY2_R         1.000      0.000    999.000    999.000
    FLUENCY3           0.996      0.020     49.828      0.000
    FLUENCY4           1.007      0.019     53.419      0.000

 FLUENCY    ON
    NGRAM_USES         0.267      0.039      6.843      0.000
    NORMING_FA         1.097      0.111      9.894      0.000
    NORMING_IM        -1.422      0.107    -13.258      0.000
    NORMING_IN         1.680      0.144     11.678      0.000

 CHOICE_AOS ON
    FLUENCY            0.332      0.040      8.356      0.000

 NGRAM_USES ON
    NORMING_FA         0.470      0.001    785.563      0.000
    NORMING_IM        -0.844      0.002   -387.905      0.000
    NORMING_IN         0.265      0.001    203.717      0.000

 CHOICE_AOS ON
    NGRAM_USES        -0.362      0.068     -5.354      0.000
    NORMING_FA        -0.462      0.153     -3.008      0.003
    NORMING_IM         1.083      0.188      5.774      0.000
    NORMING_IN        -0.395      0.184     -2.145      0.032

 Intercepts
    NGRAM_USES         2.706      0.003   1008.408      0.000
    FLUENCY2_R         0.289      0.263      1.099      0.272
    FLUENCY3           0.491      0.269      1.826      0.068
    FLUENCY4           0.471      0.268      1.757      0.079

 Thresholds
    CHOICE_A$1         0.577      0.424      1.359      0.174
    CHOICE_A$2         1.961      0.401      4.891      0.000

 Residual Variances
    NGRAM_USES         0.313      0.000   1897.669      0.000
    FLUENCY2_R         0.620      0.092      6.764      0.000
    FLUENCY3           0.580      0.073      7.981      0.000
    FLUENCY4           0.495      0.065      7.612      0.000
    FLUENCY            1.937      0.108     17.982      0.000

New/Additional Parameters
    IND                0.089      0.017      5.072      0.000
    TOTAL             -0.273      0.067     -4.083      0.000
    PROP              -0.324      0.106     -3.044      0.002


LOGISTIC REGRESSION ODDS RATIO RESULTS

                                         (Est. - 1) Two-Tailed
                    Estimate       S.E.     / S.E.    P-Value

 CHOICE_AOS ON
    FLUENCY            1.393      0.055      7.112      0.000

 CHOICE_AOS ON
    NGRAM_USES         0.696      0.047     -6.452      0.000
    NORMING_FA         0.630      0.097     -3.823      0.000
    NORMING_IM         2.953      0.554      3.527      0.000
    NORMING_IN         0.674      0.124     -2.630      0.009


BRANT WALD TEST FOR PROPORTIONAL ODDS

                                   Degrees of
                      Chi-Square     Freedom   P-Value

  CHOICE_AOS
    Overall test          51.183         3      0.000
    NORMING_FAMI           5.338         1      0.021
    NORMING_IMPO          13.924         1      0.000
    NORMING_INTE          10.404         1      0.001


STANDARDIZED MODEL RESULTS


STDYX Standardization

                                                    Two-Tailed
                    Estimate       S.E.  Est./S.E.    P-Value

 FLUENCY  BY
    FLUENCY2_R         0.905      0.014     62.871      0.000
    FLUENCY3           0.910      0.012     77.980      0.000
    FLUENCY4           0.923      0.010     88.018      0.000

 FLUENCY    ON
    NGRAM_USES         0.095      0.013      7.028      0.000
    NORMING_FA         0.354      0.034     10.301      0.000
    NORMING_IM        -0.380      0.028    -13.512      0.000
    NORMING_IN         0.499      0.043     11.720      0.000

 CHOICE_AOS ON
    FLUENCY            0.292      0.033      8.857      0.000

 NGRAM_USES ON
    NORMING_FA         0.428      0.006     75.989      0.000
    NORMING_IM        -0.636      0.008    -75.022      0.000
    NORMING_IN         0.222      0.003     71.627      0.000

 CHOICE_AOS ON
    NGRAM_USES        -0.113      0.021     -5.467      0.000
    NORMING_FA        -0.131      0.043     -3.019      0.003
    NORMING_IM         0.255      0.044      5.841      0.000
    NORMING_IN        -0.103      0.048     -2.152      0.031

 Intercepts
    NGRAM_USES         4.553      0.008    606.762      0.000
    FLUENCY2_R         0.156      0.143      1.093      0.274
    FLUENCY3           0.268      0.148      1.806      0.071
    FLUENCY4           0.257      0.148      1.738      0.082

 Thresholds
    CHOICE_A$1         0.303      0.222      1.364      0.173
    CHOICE_A$2         1.029      0.208      4.938      0.000

 Residual Variances
    NGRAM_USES         0.886      0.003    329.084      0.000
    FLUENCY2_R         0.181      0.026      6.940      0.000
    FLUENCY3           0.172      0.021      8.117      0.000
    FLUENCY4           0.148      0.019      7.644      0.000
    FLUENCY            0.690      0.018     39.207      0.000


STDY Standardization

                                                    Two-Tailed
                    Estimate       S.E.  Est./S.E.    P-Value

 FLUENCY  BY
    FLUENCY2_R         0.905      0.014     62.871      0.000
    FLUENCY3           0.910      0.012     77.980      0.000
    FLUENCY4           0.923      0.010     88.018      0.000

 FLUENCY    ON
    NGRAM_USES         0.095      0.013      7.028      0.000
    NORMING_FA         0.654      0.063     10.350      0.000
    NORMING_IM        -0.848      0.062    -13.681      0.000
    NORMING_IN         1.002      0.085     11.794      0.000

 CHOICE_AOS ON
    FLUENCY            0.292      0.033      8.857      0.000

 NGRAM_USES ON
    NORMING_FA         0.791      0.001    568.498      0.000
    NORMING_IM        -1.419      0.004   -387.701      0.000
    NORMING_IN         0.446      0.002    213.850      0.000

 CHOICE_AOS ON
    NGRAM_USES        -0.113      0.021     -5.467      0.000
    NORMING_FA        -0.242      0.080     -3.021      0.003
    NORMING_IM         0.568      0.097      5.857      0.000
    NORMING_IN        -0.207      0.096     -2.153      0.031

 Intercepts
    NGRAM_USES         4.553      0.008    606.762      0.000
    FLUENCY2_R         0.156      0.143      1.093      0.274
    FLUENCY3           0.268      0.148      1.806      0.071
    FLUENCY4           0.257      0.148      1.738      0.082

 Thresholds
    CHOICE_A$1         0.303      0.222      1.364      0.173
    CHOICE_A$2         1.029      0.208      4.938      0.000

 Residual Variances
    NGRAM_USES         0.886      0.003    329.084      0.000
    FLUENCY2_R         0.181      0.026      6.940      0.000
    FLUENCY3           0.172      0.021      8.117      0.000
    FLUENCY4           0.148      0.019      7.644      0.000
    FLUENCY            0.690      0.018     39.207      0.000


STD Standardization

                                                    Two-Tailed
                    Estimate       S.E.  Est./S.E.    P-Value

 FLUENCY  BY
    FLUENCY2_R         1.676      0.042     40.213      0.000
    FLUENCY3           1.669      0.040     41.919      0.000
    FLUENCY4           1.688      0.038     44.309      0.000

 FLUENCY    ON
    NGRAM_USES         0.159      0.023      7.023      0.000
    NORMING_FA         0.654      0.063     10.350      0.000
    NORMING_IM        -0.848      0.062    -13.681      0.000
    NORMING_IN         1.002      0.085     11.794      0.000

 CHOICE_AOS ON
    FLUENCY            0.556      0.067      8.332      0.000

 NGRAM_USES ON
    NORMING_FA         0.470      0.001    785.563      0.000
    NORMING_IM        -0.844      0.002   -387.905      0.000
    NORMING_IN         0.265      0.001    203.717      0.000

 CHOICE_AOS ON
    NGRAM_USES        -0.362      0.068     -5.354      0.000
    NORMING_FA        -0.462      0.153     -3.008      0.003
    NORMING_IM         1.083      0.188      5.774      0.000
    NORMING_IN        -0.395      0.184     -2.145      0.032

 Intercepts
    NGRAM_USES         2.706      0.003   1008.408      0.000
    FLUENCY2_R         0.289      0.263      1.099      0.272
    FLUENCY3           0.491      0.269      1.826      0.068
    FLUENCY4           0.471      0.268      1.757      0.079

 Thresholds
    CHOICE_A$1         0.577      0.424      1.359      0.174
    CHOICE_A$2         1.961      0.401      4.891      0.000

 Residual Variances
    NGRAM_USES         0.313      0.000   1897.669      0.000
    FLUENCY2_R         0.620      0.092      6.764      0.000
    FLUENCY3           0.580      0.073      7.981      0.000
    FLUENCY4           0.495      0.065      7.612      0.000
    FLUENCY            0.690      0.018     39.207      0.000


R-SQUARE

    Observed                                        Two-Tailed
    Variable        Estimate       S.E.  Est./S.E.    P-Value

    CHOICE_A           0.094      0.015      6.252      0.000
    NGRAM_US           0.114      0.003     42.326      0.000
    FLUENCY2           0.819      0.026     31.436      0.000
    FLUENCY3           0.828      0.021     38.990      0.000
    FLUENCY4           0.852      0.019     44.009      0.000

     Latent                                         Two-Tailed
    Variable        Estimate       S.E.  Est./S.E.    P-Value

    FLUENCY            0.310      0.018     17.651      0.000


QUALITY OF NUMERICAL RESULTS

     Condition Number for the Information Matrix              0.270E-05
       (ratio of smallest to largest eigenvalue)


CONFIDENCE INTERVALS OF MODEL RESULTS

                  Lower .5%  Lower 2.5%    Lower 5%    Estimate    Upper 5%  Upper 2.5%   Upper .5%

 FLUENCY  BY
    FLUENCY2_R       1.000       1.000       1.000       1.000       1.000       1.000       1.000
    FLUENCY3         0.944       0.957       0.963       0.996       1.029       1.035       1.047
    FLUENCY4         0.959       0.970       0.976       1.007       1.038       1.044       1.056

 FLUENCY  ON
    NGRAM_USES       0.167       0.191       0.203       0.267       0.331       0.344       0.368
    NORMING_FA       0.811       0.880       0.914       1.097       1.279       1.314       1.382
    NORMING_IM      -1.698      -1.632      -1.598      -1.422      -1.246      -1.212      -1.146
    NORMING_IN       1.309       1.398       1.443       1.680       1.917       1.962       2.051

 CHOICE_A ON
    FLUENCY          0.229       0.254       0.266       0.332       0.397       0.409       0.434

 NGRAM_US ON
    NORMING_FA       0.469       0.469       0.469       0.470       0.471       0.472       0.472
    NORMING_IM      -0.849      -0.848      -0.847      -0.844      -0.840      -0.839      -0.838
    NORMING_IN       0.262       0.263       0.263       0.265       0.267       0.268       0.269

 CHOICE_A ON
    NGRAM_USES      -0.536      -0.495      -0.473      -0.362      -0.251      -0.230      -0.188
    NORMING_FA      -0.857      -0.762      -0.714      -0.462      -0.209      -0.161      -0.066
    NORMING_IM       0.600       0.715       0.774       1.083       1.391       1.450       1.566
    NORMING_IN      -0.868      -0.755      -0.697      -0.395      -0.092      -0.034       0.079

 Intercepts
    NGRAM_USES       2.699       2.701       2.702       2.706       2.711       2.712       2.713
    FLUENCY2_R      -0.388      -0.226      -0.143       0.289       0.721       0.803       0.965
    FLUENCY3        -0.202      -0.036       0.049       0.491       0.934       1.019       1.185
    FLUENCY4        -0.219      -0.054       0.030       0.471       0.911       0.996       1.161

 Thresholds
    CHOICE_A$1      -0.516      -0.255      -0.121       0.577       1.275       1.408       1.670
    CHOICE_A$2       0.928       1.175       1.301       1.961       2.620       2.746       2.993

 Residual Variances
    NGRAM_USES       0.313       0.313       0.313       0.313       0.313       0.313       0.314
    FLUENCY2_R       0.384       0.441       0.469       0.620       0.771       0.800       0.857
    FLUENCY3         0.393       0.437       0.460       0.580       0.699       0.722       0.767
    FLUENCY4         0.328       0.368       0.388       0.495       0.602       0.623       0.663
    FLUENCY          1.660       1.726       1.760       1.937       2.115       2.149       2.215

New/Additional Parameters
    IND              0.044       0.054       0.060       0.089       0.117       0.123       0.134
    TOTAL           -0.446      -0.405      -0.384      -0.273      -0.163      -0.142      -0.101
    PROP            -0.598      -0.532      -0.499      -0.324      -0.149      -0.115      -0.050


CONFIDENCE INTERVALS FOR THE LOGISTIC REGRESSION ODDS RATIO RESULTS

 CHOICE_A ON
    FLUENCY          1.258       1.289       1.305       1.393       1.487       1.506       1.543

 CHOICE_A ON
    NGRAM_USES       0.585       0.610       0.623       0.696       0.778       0.795       0.829
    NORMING_FA       0.425       0.467       0.490       0.630       0.811       0.851       0.936
    NORMING_IM       1.822       2.045       2.169       2.953       4.020       4.265       4.787
    NORMING_IN       0.420       0.470       0.498       0.674       0.912       0.967       1.082


CONFIDENCE INTERVALS OF STANDARDIZED MODEL RESULTS


STDYX Standardization

                  Lower .5%  Lower 2.5%    Lower 5%    Estimate    Upper 5%  Upper 2.5%   Upper .5%

 FLUENCY  BY
    FLUENCY2_R       0.868       0.877       0.881       0.905       0.929       0.933       0.942
    FLUENCY3         0.880       0.887       0.891       0.910       0.929       0.933       0.940
    FLUENCY4         0.896       0.902       0.906       0.923       0.940       0.944       0.950

 FLUENCY  ON
    NGRAM_USES       0.060       0.068       0.073       0.095       0.117       0.121       0.130
    NORMING_FA       0.265       0.286       0.297       0.354       0.410       0.421       0.442
    NORMING_IM      -0.453      -0.435      -0.427      -0.380      -0.334      -0.325      -0.308
    NORMING_IN       0.390       0.416       0.429       0.499       0.570       0.583       0.609

 CHOICE_A ON
    FLUENCY          0.207       0.227       0.238       0.292       0.346       0.356       0.377

 NGRAM_US ON
    NORMING_FA       0.413       0.417       0.419       0.428       0.437       0.439       0.442
    NORMING_IM      -0.658      -0.653      -0.650      -0.636      -0.622      -0.620      -0.614
    NORMING_IN       0.214       0.216       0.217       0.222       0.227       0.228       0.230

 CHOICE_A ON
    NGRAM_USES      -0.166      -0.153      -0.147      -0.113      -0.079      -0.072      -0.060
    NORMING_FA      -0.243      -0.216      -0.202      -0.131      -0.060      -0.046      -0.019
    NORMING_IM       0.142       0.169       0.183       0.255       0.327       0.340       0.367
    NORMING_IN      -0.227      -0.197      -0.182      -0.103      -0.024      -0.009       0.020

 Intercepts
    NGRAM_USES       4.533       4.538       4.540       4.553       4.565       4.567       4.572
    FLUENCY2_R      -0.211      -0.124      -0.079       0.156       0.390       0.435       0.523
    FLUENCY3        -0.114      -0.023       0.024       0.268       0.512       0.559       0.650
    FLUENCY4        -0.124      -0.033       0.014       0.257       0.501       0.548       0.639

 Thresholds
    CHOICE_A$1      -0.269      -0.132      -0.062       0.303       0.668       0.738       0.875
    CHOICE_A$2       0.492       0.621       0.686       1.029       1.372       1.437       1.566

 Residual Variances
    NGRAM_USES       0.879       0.881       0.882       0.886       0.890       0.891       0.893
    FLUENCY2_R       0.114       0.130       0.138       0.181       0.224       0.232       0.248
    FLUENCY3         0.118       0.131       0.137       0.172       0.207       0.214       0.227
    FLUENCY4         0.098       0.110       0.116       0.148       0.180       0.186       0.198
    FLUENCY          0.644       0.655       0.661       0.690       0.718       0.724       0.735


STDY Standardization

                  Lower .5%  Lower 2.5%    Lower 5%    Estimate    Upper 5%  Upper 2.5%   Upper .5%

 FLUENCY  BY
    FLUENCY2_R       0.868       0.877       0.881       0.905       0.929       0.933       0.942
    FLUENCY3         0.880       0.887       0.891       0.910       0.929       0.933       0.940
    FLUENCY4         0.896       0.902       0.906       0.923       0.940       0.944       0.950

 FLUENCY  ON
    NGRAM_USES       0.060       0.068       0.073       0.095       0.117       0.121       0.130
    NORMING_FA       0.491       0.530       0.550       0.654       0.758       0.778       0.817
    NORMING_IM      -1.008      -0.970      -0.950      -0.848      -0.746      -0.727      -0.689
    NORMING_IN       0.783       0.836       0.862       1.002       1.142       1.169       1.221

 CHOICE_A ON
    FLUENCY          0.207       0.227       0.238       0.292       0.346       0.356       0.377

 NGRAM_US ON
    NORMING_FA       0.788       0.789       0.789       0.791       0.794       0.794       0.795
    NORMING_IM      -1.429      -1.426      -1.425      -1.419      -1.413      -1.412      -1.410
    NORMING_IN       0.441       0.442       0.443       0.446       0.450       0.450       0.452

 CHOICE_A ON
    NGRAM_USES      -0.166      -0.153      -0.147      -0.113      -0.079      -0.072      -0.060
    NORMING_FA      -0.449      -0.399      -0.374      -0.242      -0.110      -0.085      -0.036
    NORMING_IM       0.318       0.378       0.409       0.568       0.728       0.759       0.818
    NORMING_IN      -0.455      -0.396      -0.365      -0.207      -0.049      -0.019       0.041

 Intercepts
    NGRAM_USES       4.533       4.538       4.540       4.553       4.565       4.567       4.572
    FLUENCY2_R      -0.211      -0.124      -0.079       0.156       0.390       0.435       0.523
    FLUENCY3        -0.114      -0.023       0.024       0.268       0.512       0.559       0.650
    FLUENCY4        -0.124      -0.033       0.014       0.257       0.501       0.548       0.639

 Thresholds
    CHOICE_A$1      -0.269      -0.132      -0.062       0.303       0.668       0.738       0.875
    CHOICE_A$2       0.492       0.621       0.686       1.029       1.372       1.437       1.566

 Residual Variances
    NGRAM_USES       0.879       0.881       0.882       0.886       0.890       0.891       0.893
    FLUENCY2_R       0.114       0.130       0.138       0.181       0.224       0.232       0.248
    FLUENCY3         0.118       0.131       0.137       0.172       0.207       0.214       0.227
    FLUENCY4         0.098       0.110       0.116       0.148       0.180       0.186       0.198
    FLUENCY          0.644       0.655       0.661       0.690       0.718       0.724       0.735


STD Standardization

                  Lower .5%  Lower 2.5%    Lower 5%    Estimate    Upper 5%  Upper 2.5%   Upper .5%

 FLUENCY  BY
    FLUENCY2_R       1.569       1.595       1.608       1.676       1.745       1.758       1.784
    FLUENCY3         1.566       1.591       1.604       1.669       1.735       1.747       1.772
    FLUENCY4         1.590       1.614       1.626       1.688       1.751       1.763       1.787

 FLUENCY  ON
    NGRAM_USES       0.101       0.115       0.122       0.159       0.197       0.204       0.218
    NORMING_FA       0.491       0.530       0.550       0.654       0.758       0.778       0.817
    NORMING_IM      -1.008      -0.970      -0.950      -0.848      -0.746      -0.727      -0.689
    NORMING_IN       0.783       0.836       0.862       1.002       1.142       1.169       1.221

 CHOICE_A ON
    FLUENCY          0.384       0.425       0.446       0.556       0.665       0.686       0.728

 NGRAM_US ON
    NORMING_FA       0.469       0.469       0.469       0.470       0.471       0.472       0.472
    NORMING_IM      -0.849      -0.848      -0.847      -0.844      -0.840      -0.839      -0.838
    NORMING_IN       0.262       0.263       0.263       0.265       0.267       0.268       0.269

 CHOICE_A ON
    NGRAM_USES      -0.536      -0.495      -0.473      -0.362      -0.251      -0.230      -0.188
    NORMING_FA      -0.857      -0.762      -0.714      -0.462      -0.209      -0.161      -0.066
    NORMING_IM       0.600       0.715       0.774       1.083       1.391       1.450       1.566
    NORMING_IN      -0.868      -0.755      -0.697      -0.395      -0.092      -0.034       0.079

 Intercepts
    NGRAM_USES       2.699       2.701       2.702       2.706       2.711       2.712       2.713
    FLUENCY2_R      -0.388      -0.226      -0.143       0.289       0.721       0.803       0.965
    FLUENCY3        -0.202      -0.036       0.049       0.491       0.934       1.019       1.185
    FLUENCY4        -0.219      -0.054       0.030       0.471       0.911       0.996       1.161

 Thresholds
    CHOICE_A$1      -0.516      -0.255      -0.121       0.577       1.275       1.408       1.670
    CHOICE_A$2       0.928       1.175       1.301       1.961       2.620       2.746       2.993

 Residual Variances
    NGRAM_USES       0.313       0.313       0.313       0.313       0.313       0.313       0.314
    FLUENCY2_R       0.384       0.441       0.469       0.620       0.771       0.800       0.857
    FLUENCY3         0.393       0.437       0.460       0.580       0.699       0.722       0.767
    FLUENCY4         0.328       0.368       0.388       0.495       0.602       0.623       0.663
    FLUENCY          0.644       0.655       0.661       0.690       0.718       0.724       0.735


DIAGRAM INFORMATION

  Use View Diagram under the Diagram menu in the Mplus Editor to view the diagram.
  If running Mplus from the Mplus Diagrammer, the diagram opens automatically.

  Diagram output
    c:\users\sweitzer.34\documents\ballots_project\study2\study2_aos.dgm

     Beginning Time:  22:49:04
        Ending Time:  22:49:08
       Elapsed Time:  00:00:04



MUTHEN & MUTHEN
3463 Stoner Ave.
Los Angeles, CA  90066

Tel: (310) 391-9971
Fax: (310) 391-8971
Web: www.StatModel.com
Support: Support@StatModel.com

Copyright (c) 1998-2018 Muthen & Muthen
