Mplus VERSION 8.2
MUTHEN & MUTHEN
02/20/2021  10:47 PM

INPUT INSTRUCTIONS

  TITLE: Ballots Project Mediation Model - Study 1

  DATA: FILE IS study1.txt;

  VARIABLE:
    NAMES ARE subj_id fluency2.r fluency3 fluency4 flesch_reading_ease_fulltext
    ngram_uses_mean_fulltext_NSW norming_familiarity norming_importance norming_interest
    Choice_OAS Choice_AOS;
    USEVARIABLES ARE subj_id ngram_uses_mean_fulltext_NSW fluency2_r fluency3 fluency4
    Choice_AOS norming_familiarity norming_importance norming_interest;
  	CATEGORICAL IS Choice_AOS;
  	MISSING ARE ALL (-99);
  	CLUSTER IS subj_id;

  ANALYSIS:
  	TYPE IS complex;
  	ESTIMATOR IS MLR;

  MODEL:
  	fluency BY fluency2_r fluency3 fluency4;
  	ngram_uses_mean_fulltext_NSW ON norming_familiarity norming_importance
    norming_interest;
  	fluency ON ngram_uses_mean_fulltext_NSW (a);
  	fluency ON norming_familiarity norming_importance norming_interest;
      Choice_AOS ON fluency (b);
      Choice_AOS ON ngram_uses_mean_fulltext_NSW (c);
  	Choice_AOS ON norming_familiarity norming_importance norming_interest;

  MODEL CONSTRAINT:
  	NEW(ind total prop);
  	ind=a*b;
  	total = ind + c;
  	prop=ind/total;

  OUTPUT:
  	sampstat standardized cinterval;



*** WARNING in VARIABLE command
  Note that only the first 8 characters of variable names are used in the output.
  Shorten variable names to avoid any confusion.
   1 WARNING(S) FOUND IN THE INPUT INSTRUCTIONS



Ballots Project Mediation Model - Study 1

SUMMARY OF ANALYSIS

Number of groups                                                 1
Number of observations                                        4797

Number of dependent variables                                    5
Number of independent variables                                  3
Number of continuous latent variables                            1

Observed dependent variables

  Continuous
   NGRAM_USES  FLUENCY2_R  FLUENCY3    FLUENCY4

  Binary and ordered categorical (ordinal)
   CHOICE_A

Observed independent variables
   NORMING_    NORMING_    NORMING_

Continuous latent variables
   FLUENCY

Variables with special functions

  Cluster variable      SUBJ_ID

Estimator                                                      MLR
Information matrix                                        OBSERVED
Optimization Specifications for the Quasi-Newton Algorithm for
Continuous Outcomes
  Maximum number of iterations                                 100
  Convergence criterion                                  0.100D-05
Optimization Specifications for the EM Algorithm
  Maximum number of iterations                                 500
  Convergence criteria
    Loglikelihood change                                 0.100D-02
    Relative loglikelihood change                        0.100D-05
    Derivative                                           0.100D-02
Optimization Specifications for the M step of the EM Algorithm for
Categorical Latent variables
  Number of M step iterations                                    1
  M step convergence criterion                           0.100D-02
  Basis for M step termination                           ITERATION
Optimization Specifications for the M step of the EM Algorithm for
Censored, Binary or Ordered Categorical (Ordinal), Unordered
Categorical (Nominal) and Count Outcomes
  Number of M step iterations                                    1
  M step convergence criterion                           0.100D-02
  Basis for M step termination                           ITERATION
  Maximum value for logit thresholds                            15
  Minimum value for logit thresholds                           -15
  Minimum expected cell size for chi-square              0.100D-01
Maximum number of iterations for H1                           2000
Convergence criterion for H1                             0.100D-03
Optimization algorithm                                         EMA
Integration Specifications
  Type                                                    STANDARD
  Number of integration points                                  15
  Dimensions of numerical integration                            1
  Adaptive quadrature                                           ON
Link                                                         LOGIT
Cholesky                                                       OFF

Input data file(s)
  study1.txt
Input data format  FREE


SUMMARY OF DATA

     Number of missing data patterns             1
     Number of y missing data patterns           1
     Number of u missing data patterns           1
     Number of clusters                        120



COVARIANCE COVERAGE OF DATA

Minimum covariance coverage value   0.100


     PROPORTION OF DATA PRESENT FOR Y


           Covariance Coverage
              NGRAM_US      FLUENCY2      FLUENCY3      FLUENCY4      NORMING_
              ________      ________      ________      ________      ________
 NGRAM_US       1.000
 FLUENCY2       1.000         1.000
 FLUENCY3       1.000         1.000         1.000
 FLUENCY4       1.000         1.000         1.000         1.000
 NORMING_       1.000         1.000         1.000         1.000         1.000
 NORMING_       1.000         1.000         1.000         1.000         1.000
 NORMING_       1.000         1.000         1.000         1.000         1.000


           Covariance Coverage
              NORMING_      NORMING_
              ________      ________
 NORMING_       1.000
 NORMING_       1.000         1.000


UNIVARIATE PROPORTIONS AND COUNTS FOR CATEGORICAL VARIABLES

    CHOICE_A
      Category 1    0.213         1022.000
      Category 2    0.229         1097.000
      Category 3    0.558         2678.000


SAMPLE STATISTICS


     ESTIMATED SAMPLE STATISTICS


           Means
              NGRAM_US      FLUENCY2      FLUENCY3      FLUENCY4      NORMING_
              ________      ________      ________      ________      ________
                2.002         4.777         4.822         4.994         2.302


           Means
              NORMING_      NORMING_
              ________      ________
                3.595         3.217


           Covariances
              NGRAM_US      FLUENCY2      FLUENCY3      FLUENCY4      NORMING_
              ________      ________      ________      ________      ________
 NGRAM_US       1.300
 FLUENCY2      -0.075         3.027
 FLUENCY3      -0.056         2.248         2.971
 FLUENCY4      -0.070         2.324         2.186         2.801
 NORMING_      -0.132         0.220         0.281         0.202         0.285
 NORMING_      -0.078         0.171         0.190         0.167         0.150
 NORMING_      -0.104         0.196         0.226         0.191         0.185


           Covariances
              NORMING_      NORMING_
              ________      ________
 NORMING_       0.238
 NORMING_       0.233         0.272


           Correlations
              NGRAM_US      FLUENCY2      FLUENCY3      FLUENCY4      NORMING_
              ________      ________      ________      ________      ________
 NGRAM_US       1.000
 FLUENCY2      -0.038         1.000
 FLUENCY3      -0.028         0.750         1.000
 FLUENCY4      -0.037         0.798         0.758         1.000
 NORMING_      -0.217         0.237         0.305         0.226         1.000
 NORMING_      -0.139         0.202         0.226         0.204         0.575
 NORMING_      -0.175         0.216         0.252         0.219         0.662


           Correlations
              NORMING_      NORMING_
              ________      ________
 NORMING_       1.000
 NORMING_       0.916         1.000


     MAXIMUM LOG-LIKELIHOOD VALUE FOR THE UNRESTRICTED (H1) MODEL IS -35424.374


UNIVARIATE SAMPLE STATISTICS


     UNIVARIATE HIGHER-ORDER MOMENT DESCRIPTIVE STATISTICS

         Variable/         Mean/     Skewness/   Minimum/ % with                Percentiles
        Sample Size      Variance    Kurtosis    Maximum  Min/Max      20%/60%    40%/80%    Median

     NGRAM_USES_MEAN       2.002       1.730       0.829    2.50%       1.217      1.443      1.575
            4797.000       1.300       2.265       5.594    2.48%       1.832      2.173
     FLUENCY2_R            4.777      -0.457       1.000    2.71%       3.000      5.000      5.000
            4797.000       3.027      -1.056       7.000   15.38%       6.000      6.000
     FLUENCY3              4.822      -0.546       1.000    2.75%       3.000      5.000      5.000
            4797.000       2.971      -0.906       7.000   15.61%       6.000      6.000
     FLUENCY4              4.994      -0.661       1.000    2.15%       3.000      5.000      6.000
            4797.000       2.801      -0.712       7.000   18.03%       6.000      6.000
     NORMING_FAMILIA       2.302      -0.142       1.351    2.50%       1.737      2.140      2.318
            4797.000       0.285      -0.884       3.386    2.50%       2.439      2.772
     NORMING_IMPORTA       3.595      -0.303       2.023    2.50%       3.182      3.386      3.545
            4797.000       0.238       1.175       4.682    2.50%       3.667      4.018
     NORMING_INTERES       3.217       0.275       2.000    2.50%       2.818      2.965      3.182
            4797.000       0.272      -0.027       4.400    2.50%       3.228      3.679


THE MODEL ESTIMATION TERMINATED NORMALLY



MODEL FIT INFORMATION

Number of Free Parameters                       25

Loglikelihood

          H0 Value                      -34915.824
          H0 Scaling Correction Factor      4.9069
            for MLR

Information Criteria

          Akaike (AIC)                   69881.648
          Bayesian (BIC)                 70043.541
          Sample-Size Adjusted BIC       69964.100
            (n* = (n + 2) / 24)



MODEL RESULTS

                                                    Two-Tailed
                    Estimate       S.E.  Est./S.E.    P-Value

 FLUENCY  BY
    FLUENCY2_R         1.000      0.000    999.000    999.000
    FLUENCY3           0.947      0.021     44.843      0.000
    FLUENCY4           0.968      0.034     28.228      0.000

 FLUENCY    ON
    NGRAM_USES         0.036      0.015      2.461      0.014
    NORMING_FA         0.609      0.050     12.151      0.000
    NORMING_IM         0.161      0.082      1.969      0.049
    NORMING_IN         0.228      0.079      2.876      0.004

 CHOICE_AOS ON
    FLUENCY            0.167      0.026      6.309      0.000

 NGRAM_USES ON
    NORMING_FA        -0.372      0.002   -246.879      0.000
    NORMING_IM         0.226      0.002     96.392      0.000
    NORMING_IN        -0.324      0.003   -122.699      0.000

 CHOICE_AOS ON
    NGRAM_USES         0.065      0.024      2.674      0.007
    NORMING_FA         0.547      0.074      7.352      0.000
    NORMING_IM        -0.086      0.140     -0.614      0.539
    NORMING_IN         0.795      0.158      5.030      0.000

 Intercepts
    NGRAM_USES         3.090      0.004    725.379      0.000
    FLUENCY2_R         1.991      0.180     11.064      0.000
    FLUENCY3           2.184      0.178     12.276      0.000
    FLUENCY4           2.297      0.181     12.675      0.000

 Thresholds
    CHOICE_A$1         2.655      0.267      9.944      0.000
    CHOICE_A$2         3.830      0.264     14.490      0.000

 Residual Variances
    NGRAM_USES         1.235      0.002    670.483      0.000
    FLUENCY2_R         0.639      0.073      8.771      0.000
    FLUENCY3           0.829      0.082     10.143      0.000
    FLUENCY4           0.562      0.127      4.432      0.000
    FLUENCY            2.173      0.108     20.061      0.000

New/Additional Parameters
    IND                0.006      0.003      2.337      0.019
    TOTAL              0.071      0.025      2.891      0.004
    PROP               0.085      0.043      1.971      0.049


LOGISTIC REGRESSION ODDS RATIO RESULTS

                                         (Est. - 1) Two-Tailed
                    Estimate       S.E.     / S.E.    P-Value

 CHOICE_AOS ON
    FLUENCY            1.181      0.031      5.811      0.000

 CHOICE_AOS ON
    NGRAM_USES         1.067      0.026      2.589      0.010
    NORMING_FA         1.727      0.128      5.664      0.000
    NORMING_IM         0.918      0.128     -0.641      0.521
    NORMING_IN         2.214      0.350      3.470      0.001


BRANT WALD TEST FOR PROPORTIONAL ODDS

                                   Degrees of
                      Chi-Square     Freedom   P-Value

  CHOICE_AOS
    Overall test          27.550         3      0.000
    NORMING_FAMI          14.376         1      0.000
    NORMING_IMPO           9.869         1      0.002
    NORMING_INTE          21.572         1      0.000


STANDARDIZED MODEL RESULTS


STDYX Standardization

                                                    Two-Tailed
                    Estimate       S.E.  Est./S.E.    P-Value

 FLUENCY  BY
    FLUENCY2_R         0.888      0.014     63.046      0.000
    FLUENCY3           0.849      0.015     57.796      0.000
    FLUENCY4           0.894      0.025     35.738      0.000

 FLUENCY    ON
    NGRAM_USES         0.027      0.011      2.458      0.014
    NORMING_FA         0.210      0.016     13.040      0.000
    NORMING_IM         0.051      0.026      1.964      0.050
    NORMING_IN         0.077      0.027      2.890      0.004

 CHOICE_AOS ON
    FLUENCY            0.132      0.020      6.509      0.000

 NGRAM_USES ON
    NORMING_FA        -0.174      0.002    -97.826      0.000
    NORMING_IM         0.097      0.001     72.547      0.000
    NORMING_IN        -0.148      0.002    -81.505      0.000

 CHOICE_AOS ON
    NGRAM_USES         0.038      0.014      2.674      0.007
    NORMING_FA         0.150      0.020      7.449      0.000
    NORMING_IM        -0.021      0.035     -0.614      0.539
    NORMING_IN         0.213      0.042      5.085      0.000

 Intercepts
    NGRAM_USES         2.710      0.002   1369.672      0.000
    FLUENCY2_R         1.144      0.111     10.288      0.000
    FLUENCY3           1.267      0.115     11.062      0.000
    FLUENCY4           1.372      0.118     11.595      0.000

 Thresholds
    CHOICE_A$1         1.361      0.130     10.497      0.000
    CHOICE_A$2         1.963      0.125     15.701      0.000

 Residual Variances
    NGRAM_USES         0.950      0.001    913.382      0.000
    FLUENCY2_R         0.211      0.025      8.423      0.000
    FLUENCY3           0.279      0.025     11.182      0.000
    FLUENCY4           0.201      0.045      4.487      0.000
    FLUENCY            0.909      0.008    111.365      0.000


STDY Standardization

                                                    Two-Tailed
                    Estimate       S.E.  Est./S.E.    P-Value

 FLUENCY  BY
    FLUENCY2_R         0.888      0.014     63.046      0.000
    FLUENCY3           0.849      0.015     57.796      0.000
    FLUENCY4           0.894      0.025     35.738      0.000

 FLUENCY    ON
    NGRAM_USES         0.027      0.011      2.458      0.014
    NORMING_FA         0.394      0.030     13.138      0.000
    NORMING_IM         0.104      0.053      1.964      0.049
    NORMING_IN         0.147      0.051      2.891      0.004

 CHOICE_AOS ON
    FLUENCY            0.132      0.020      6.509      0.000

 NGRAM_USES ON
    NORMING_FA        -0.326      0.001   -315.066      0.000
    NORMING_IM         0.198      0.002    105.511      0.000
    NORMING_IN        -0.284      0.002   -137.745      0.000

 CHOICE_AOS ON
    NGRAM_USES         0.038      0.014      2.674      0.007
    NORMING_FA         0.280      0.038      7.467      0.000
    NORMING_IM        -0.044      0.072     -0.614      0.539
    NORMING_IN         0.407      0.080      5.090      0.000

 Intercepts
    NGRAM_USES         2.710      0.002   1369.672      0.000
    FLUENCY2_R         1.144      0.111     10.288      0.000
    FLUENCY3           1.267      0.115     11.062      0.000
    FLUENCY4           1.372      0.118     11.595      0.000

 Thresholds
    CHOICE_A$1         1.361      0.130     10.497      0.000
    CHOICE_A$2         1.963      0.125     15.701      0.000

 Residual Variances
    NGRAM_USES         0.950      0.001    913.382      0.000
    FLUENCY2_R         0.211      0.025      8.423      0.000
    FLUENCY3           0.279      0.025     11.182      0.000
    FLUENCY4           0.201      0.045      4.487      0.000
    FLUENCY            0.909      0.008    111.365      0.000


STD Standardization

                                                    Two-Tailed
                    Estimate       S.E.  Est./S.E.    P-Value

 FLUENCY  BY
    FLUENCY2_R         1.546      0.038     40.208      0.000
    FLUENCY3           1.464      0.035     42.024      0.000
    FLUENCY4           1.497      0.049     30.356      0.000

 FLUENCY    ON
    NGRAM_USES         0.023      0.010      2.458      0.014
    NORMING_FA         0.394      0.030     13.138      0.000
    NORMING_IM         0.104      0.053      1.964      0.049
    NORMING_IN         0.147      0.051      2.891      0.004

 CHOICE_AOS ON
    FLUENCY            0.258      0.041      6.355      0.000

 NGRAM_USES ON
    NORMING_FA        -0.372      0.002   -246.879      0.000
    NORMING_IM         0.226      0.002     96.392      0.000
    NORMING_IN        -0.324      0.003   -122.699      0.000

 CHOICE_AOS ON
    NGRAM_USES         0.065      0.024      2.674      0.007
    NORMING_FA         0.547      0.074      7.352      0.000
    NORMING_IM        -0.086      0.140     -0.614      0.539
    NORMING_IN         0.795      0.158      5.030      0.000

 Intercepts
    NGRAM_USES         3.090      0.004    725.379      0.000
    FLUENCY2_R         1.991      0.180     11.064      0.000
    FLUENCY3           2.184      0.178     12.276      0.000
    FLUENCY4           2.297      0.181     12.675      0.000

 Thresholds
    CHOICE_A$1         2.655      0.267      9.944      0.000
    CHOICE_A$2         3.830      0.264     14.490      0.000

 Residual Variances
    NGRAM_USES         1.235      0.002    670.483      0.000
    FLUENCY2_R         0.639      0.073      8.771      0.000
    FLUENCY3           0.829      0.082     10.143      0.000
    FLUENCY4           0.562      0.127      4.432      0.000
    FLUENCY            0.909      0.008    111.365      0.000


R-SQUARE

    Observed                                        Two-Tailed
    Variable        Estimate       S.E.  Est./S.E.    P-Value

    CHOICE_A           0.136      0.013     10.283      0.000
    NGRAM_US           0.050      0.001     48.401      0.000
    FLUENCY2           0.789      0.025     31.523      0.000
    FLUENCY3           0.721      0.025     28.898      0.000
    FLUENCY4           0.799      0.045     17.869      0.000

     Latent                                         Two-Tailed
    Variable        Estimate       S.E.  Est./S.E.    P-Value

    FLUENCY            0.091      0.008     11.120      0.000


QUALITY OF NUMERICAL RESULTS

     Condition Number for the Information Matrix              0.204E-07
       (ratio of smallest to largest eigenvalue)


CONFIDENCE INTERVALS OF MODEL RESULTS

                  Lower .5%  Lower 2.5%    Lower 5%    Estimate    Upper 5%  Upper 2.5%   Upper .5%

 FLUENCY  BY
    FLUENCY2_R       1.000       1.000       1.000       1.000       1.000       1.000       1.000
    FLUENCY3         0.892       0.905       0.912       0.947       0.982       0.988       1.001
    FLUENCY4         0.880       0.901       0.912       0.968       1.024       1.035       1.056

 FLUENCY  ON
    NGRAM_USES      -0.002       0.007       0.012       0.036       0.061       0.065       0.074
    NORMING_FA       0.480       0.511       0.527       0.609       0.692       0.707       0.738
    NORMING_IM      -0.050       0.001       0.026       0.161       0.295       0.321       0.371
    NORMING_IN       0.024       0.073       0.098       0.228       0.358       0.383       0.432

 CHOICE_A ON
    FLUENCY          0.099       0.115       0.123       0.167       0.210       0.218       0.235

 NGRAM_US ON
    NORMING_FA      -0.376      -0.375      -0.374      -0.372      -0.369      -0.369      -0.368
    NORMING_IM       0.220       0.221       0.222       0.226       0.230       0.230       0.232
    NORMING_IN      -0.331      -0.329      -0.329      -0.324      -0.320      -0.319      -0.317

 CHOICE_A ON
    NGRAM_USES       0.002       0.017       0.025       0.065       0.105       0.113       0.128
    NORMING_FA       0.355       0.401       0.424       0.547       0.669       0.692       0.738
    NORMING_IM      -0.445      -0.359      -0.315      -0.086       0.144       0.188       0.274
    NORMING_IN       0.388       0.485       0.535       0.795       1.055       1.105       1.202

 Intercepts
    NGRAM_USES       3.079       3.082       3.083       3.090       3.097       3.098       3.101
    FLUENCY2_R       1.527       1.638       1.695       1.991       2.287       2.343       2.454
    FLUENCY3         1.726       1.835       1.891       2.184       2.477       2.533       2.642
    FLUENCY4         1.830       1.942       1.999       2.297       2.595       2.652       2.764

 Thresholds
    CHOICE_A$1       1.967       2.132       2.216       2.655       3.094       3.178       3.343
    CHOICE_A$2       3.150       3.312       3.396       3.830       4.265       4.349       4.511

 Residual Variances
    NGRAM_USES       1.230       1.231       1.232       1.235       1.238       1.238       1.239
    FLUENCY2_R       0.451       0.496       0.519       0.639       0.759       0.781       0.826
    FLUENCY3         0.619       0.669       0.695       0.829       0.964       0.989       1.040
    FLUENCY4         0.236       0.314       0.354       0.562       0.771       0.811       0.889
    FLUENCY          1.894       1.961       1.995       2.173       2.352       2.386       2.452

New/Additional Parameters
    IND             -0.001       0.001       0.002       0.006       0.010       0.011       0.013
    TOTAL            0.008       0.023       0.031       0.071       0.112       0.119       0.134
    PROP            -0.026       0.000       0.014       0.085       0.156       0.170       0.196


CONFIDENCE INTERVALS FOR THE LOGISTIC REGRESSION ODDS RATIO RESULTS

 CHOICE_A ON
    FLUENCY          1.104       1.122       1.131       1.181       1.234       1.244       1.264

 CHOICE_A ON
    NGRAM_USES       1.002       1.018       1.025       1.067       1.111       1.119       1.136
    NORMING_FA       1.426       1.493       1.528       1.727       1.952       1.998       2.092
    NORMING_IM       0.641       0.698       0.729       0.918       1.155       1.207       1.315
    NORMING_IN       1.474       1.624       1.707       2.214       2.872       3.019       3.327


CONFIDENCE INTERVALS OF STANDARDIZED MODEL RESULTS


STDYX Standardization

                  Lower .5%  Lower 2.5%    Lower 5%    Estimate    Upper 5%  Upper 2.5%   Upper .5%

 FLUENCY  BY
    FLUENCY2_R       0.852       0.861       0.865       0.888       0.912       0.916       0.925
    FLUENCY3         0.811       0.820       0.825       0.849       0.873       0.878       0.887
    FLUENCY4         0.830       0.845       0.853       0.894       0.935       0.943       0.958

 FLUENCY  ON
    NGRAM_USES      -0.001       0.005       0.009       0.027       0.045       0.048       0.055
    NORMING_FA       0.169       0.179       0.184       0.210       0.237       0.242       0.252
    NORMING_IM      -0.016       0.000       0.008       0.051       0.093       0.101       0.117
    NORMING_IN       0.008       0.025       0.033       0.077       0.121       0.129       0.145

 CHOICE_A ON
    FLUENCY          0.080       0.092       0.099       0.132       0.165       0.172       0.184

 NGRAM_US ON
    NORMING_FA      -0.179      -0.178      -0.177      -0.174      -0.171      -0.171      -0.170
    NORMING_IM       0.093       0.094       0.094       0.097       0.099       0.099       0.100
    NORMING_IN      -0.153      -0.152      -0.151      -0.148      -0.145      -0.145      -0.144

 CHOICE_A ON
    NGRAM_USES       0.001       0.010       0.015       0.038       0.061       0.066       0.075
    NORMING_FA       0.098       0.110       0.117       0.150       0.183       0.189       0.201
    NORMING_IM      -0.111      -0.090      -0.079      -0.021       0.036       0.047       0.068
    NORMING_IN       0.105       0.131       0.144       0.213       0.281       0.295       0.320

 Intercepts
    NGRAM_USES       2.705       2.706       2.707       2.710       2.713       2.714       2.715
    FLUENCY2_R       0.857       0.926       0.961       1.144       1.327       1.362       1.430
    FLUENCY3         0.972       1.042       1.078       1.267       1.455       1.491       1.562
    FLUENCY4         1.067       1.140       1.177       1.372       1.567       1.604       1.677

 Thresholds
    CHOICE_A$1       1.027       1.107       1.147       1.361       1.574       1.615       1.694
    CHOICE_A$2       1.641       1.718       1.757       1.963       2.169       2.208       2.285

 Residual Variances
    NGRAM_USES       0.947       0.948       0.948       0.950       0.951       0.952       0.952
    FLUENCY2_R       0.146       0.162       0.170       0.211       0.252       0.260       0.275
    FLUENCY3         0.215       0.230       0.238       0.279       0.320       0.328       0.343
    FLUENCY4         0.085       0.113       0.127       0.201       0.274       0.288       0.316
    FLUENCY          0.888       0.893       0.896       0.909       0.923       0.925       0.930


STDY Standardization

                  Lower .5%  Lower 2.5%    Lower 5%    Estimate    Upper 5%  Upper 2.5%   Upper .5%

 FLUENCY  BY
    FLUENCY2_R       0.852       0.861       0.865       0.888       0.912       0.916       0.925
    FLUENCY3         0.811       0.820       0.825       0.849       0.873       0.878       0.887
    FLUENCY4         0.830       0.845       0.853       0.894       0.935       0.943       0.958

 FLUENCY  ON
    NGRAM_USES      -0.001       0.005       0.009       0.027       0.045       0.048       0.055
    NORMING_FA       0.317       0.335       0.345       0.394       0.443       0.453       0.471
    NORMING_IM      -0.032       0.000       0.017       0.104       0.191       0.208       0.240
    NORMING_IN       0.016       0.047       0.064       0.147       0.231       0.247       0.279

 CHOICE_A ON
    FLUENCY          0.080       0.092       0.099       0.132       0.165       0.172       0.184

 NGRAM_US ON
    NORMING_FA      -0.329      -0.328      -0.328      -0.326      -0.324      -0.324      -0.324
    NORMING_IM       0.193       0.194       0.195       0.198       0.201       0.202       0.203
    NORMING_IN      -0.290      -0.288      -0.288      -0.284      -0.281      -0.280      -0.279

 CHOICE_A ON
    NGRAM_USES       0.001       0.010       0.015       0.038       0.061       0.066       0.075
    NORMING_FA       0.183       0.207       0.218       0.280       0.342       0.354       0.377
    NORMING_IM      -0.228      -0.184      -0.162      -0.044       0.074       0.096       0.140
    NORMING_IN       0.201       0.251       0.276       0.407       0.539       0.564       0.614

 Intercepts
    NGRAM_USES       2.705       2.706       2.707       2.710       2.713       2.714       2.715
    FLUENCY2_R       0.857       0.926       0.961       1.144       1.327       1.362       1.430
    FLUENCY3         0.972       1.042       1.078       1.267       1.455       1.491       1.562
    FLUENCY4         1.067       1.140       1.177       1.372       1.567       1.604       1.677

 Thresholds
    CHOICE_A$1       1.027       1.107       1.147       1.361       1.574       1.615       1.694
    CHOICE_A$2       1.641       1.718       1.757       1.963       2.169       2.208       2.285

 Residual Variances
    NGRAM_USES       0.947       0.948       0.948       0.950       0.951       0.952       0.952
    FLUENCY2_R       0.146       0.162       0.170       0.211       0.252       0.260       0.275
    FLUENCY3         0.215       0.230       0.238       0.279       0.320       0.328       0.343
    FLUENCY4         0.085       0.113       0.127       0.201       0.274       0.288       0.316
    FLUENCY          0.888       0.893       0.896       0.909       0.923       0.925       0.930


STD Standardization

                  Lower .5%  Lower 2.5%    Lower 5%    Estimate    Upper 5%  Upper 2.5%   Upper .5%

 FLUENCY  BY
    FLUENCY2_R       1.447       1.471       1.483       1.546       1.609       1.621       1.645
    FLUENCY3         1.374       1.396       1.407       1.464       1.521       1.532       1.554
    FLUENCY4         1.370       1.400       1.415       1.497       1.578       1.593       1.623

 FLUENCY  ON
    NGRAM_USES      -0.001       0.005       0.008       0.023       0.039       0.042       0.048
    NORMING_FA       0.317       0.335       0.345       0.394       0.443       0.453       0.471
    NORMING_IM      -0.032       0.000       0.017       0.104       0.191       0.208       0.240
    NORMING_IN       0.016       0.047       0.064       0.147       0.231       0.247       0.279

 CHOICE_A ON
    FLUENCY          0.153       0.178       0.191       0.258       0.324       0.337       0.362

 NGRAM_US ON
    NORMING_FA      -0.376      -0.375      -0.374      -0.372      -0.369      -0.369      -0.368
    NORMING_IM       0.220       0.221       0.222       0.226       0.230       0.230       0.232
    NORMING_IN      -0.331      -0.329      -0.329      -0.324      -0.320      -0.319      -0.317

 CHOICE_A ON
    NGRAM_USES       0.002       0.017       0.025       0.065       0.105       0.113       0.128
    NORMING_FA       0.355       0.401       0.424       0.547       0.669       0.692       0.738
    NORMING_IM      -0.445      -0.359      -0.315      -0.086       0.144       0.188       0.274
    NORMING_IN       0.388       0.485       0.535       0.795       1.055       1.105       1.202

 Intercepts
    NGRAM_USES       3.079       3.082       3.083       3.090       3.097       3.098       3.101
    FLUENCY2_R       1.527       1.638       1.695       1.991       2.287       2.343       2.454
    FLUENCY3         1.726       1.835       1.891       2.184       2.477       2.533       2.642
    FLUENCY4         1.830       1.942       1.999       2.297       2.595       2.652       2.764

 Thresholds
    CHOICE_A$1       1.967       2.132       2.216       2.655       3.094       3.178       3.343
    CHOICE_A$2       3.150       3.312       3.396       3.830       4.265       4.349       4.511

 Residual Variances
    NGRAM_USES       1.230       1.231       1.232       1.235       1.238       1.238       1.239
    FLUENCY2_R       0.451       0.496       0.519       0.639       0.759       0.781       0.826
    FLUENCY3         0.619       0.669       0.695       0.829       0.964       0.989       1.040
    FLUENCY4         0.236       0.314       0.354       0.562       0.771       0.811       0.889
    FLUENCY          0.888       0.893       0.896       0.909       0.923       0.925       0.930


DIAGRAM INFORMATION

  Use View Diagram under the Diagram menu in the Mplus Editor to view the diagram.
  If running Mplus from the Mplus Diagrammer, the diagram opens automatically.

  Diagram output
    c:\users\sweitzer.34\documents\ballots_project\study1\study1_aos.dgm

     Beginning Time:  22:47:08
        Ending Time:  22:47:14
       Elapsed Time:  00:00:06



MUTHEN & MUTHEN
3463 Stoner Ave.
Los Angeles, CA  90066

Tel: (310) 391-9971
Fax: (310) 391-8971
Web: www.StatModel.com
Support: Support@StatModel.com

Copyright (c) 1998-2018 Muthen & Muthen
