Mplus VERSION 8.2
MUTHEN & MUTHEN
02/20/2021  10:47 PM

INPUT INSTRUCTIONS

  TITLE: Ballots Project Mediation Model - Study 1

  DATA: FILE IS study1.txt;

  VARIABLE:
    NAMES ARE subj_id fluency2.r fluency3 fluency4 flesch_reading_ease_fulltext
    ngram_uses_mean_fulltext_NSW norming_familiarity norming_importance norming_interest
    Choice_OAS Choice_AOS;
    USEVARIABLES ARE subj_id ngram_uses_mean_fulltext_NSW fluency2_r fluency3 fluency4
    Choice_OAS norming_familiarity norming_importance norming_interest;
  	CATEGORICAL IS Choice_OAS;
  	MISSING ARE ALL (-99);
  	CLUSTER IS subj_id;

  ANALYSIS:
  	TYPE IS complex;
  	ESTIMATOR IS MLR;

  MODEL:
  	fluency BY fluency2_r fluency3 fluency4;
  	ngram_uses_mean_fulltext_NSW ON norming_familiarity norming_importance
    norming_interest;
  	fluency ON ngram_uses_mean_fulltext_NSW (a);
  	fluency ON norming_familiarity norming_importance norming_interest;
      Choice_OAS ON fluency (b);
      Choice_OAS ON ngram_uses_mean_fulltext_NSW (c);
  	Choice_OAS ON norming_familiarity norming_importance norming_interest;

  MODEL CONSTRAINT:
  	NEW(ind total prop);
  	ind=a*b;
  	total = ind + c;
  	prop=ind/total;

  OUTPUT:
  	sampstat standardized cinterval;



*** WARNING in VARIABLE command
  Note that only the first 8 characters of variable names are used in the output.
  Shorten variable names to avoid any confusion.
   1 WARNING(S) FOUND IN THE INPUT INSTRUCTIONS



Ballots Project Mediation Model - Study 1

SUMMARY OF ANALYSIS

Number of groups                                                 1
Number of observations                                        4797

Number of dependent variables                                    5
Number of independent variables                                  3
Number of continuous latent variables                            1

Observed dependent variables

  Continuous
   NGRAM_USES  FLUENCY2_R  FLUENCY3    FLUENCY4

  Binary and ordered categorical (ordinal)
   CHOICE_O

Observed independent variables
   NORMING_    NORMING_    NORMING_

Continuous latent variables
   FLUENCY

Variables with special functions

  Cluster variable      SUBJ_ID

Estimator                                                      MLR
Information matrix                                        OBSERVED
Optimization Specifications for the Quasi-Newton Algorithm for
Continuous Outcomes
  Maximum number of iterations                                 100
  Convergence criterion                                  0.100D-05
Optimization Specifications for the EM Algorithm
  Maximum number of iterations                                 500
  Convergence criteria
    Loglikelihood change                                 0.100D-02
    Relative loglikelihood change                        0.100D-05
    Derivative                                           0.100D-02
Optimization Specifications for the M step of the EM Algorithm for
Categorical Latent variables
  Number of M step iterations                                    1
  M step convergence criterion                           0.100D-02
  Basis for M step termination                           ITERATION
Optimization Specifications for the M step of the EM Algorithm for
Censored, Binary or Ordered Categorical (Ordinal), Unordered
Categorical (Nominal) and Count Outcomes
  Number of M step iterations                                    1
  M step convergence criterion                           0.100D-02
  Basis for M step termination                           ITERATION
  Maximum value for logit thresholds                            15
  Minimum value for logit thresholds                           -15
  Minimum expected cell size for chi-square              0.100D-01
Maximum number of iterations for H1                           2000
Convergence criterion for H1                             0.100D-03
Optimization algorithm                                         EMA
Integration Specifications
  Type                                                    STANDARD
  Number of integration points                                  15
  Dimensions of numerical integration                            1
  Adaptive quadrature                                           ON
Link                                                         LOGIT
Cholesky                                                       OFF

Input data file(s)
  study1.txt
Input data format  FREE


SUMMARY OF DATA

     Number of missing data patterns             1
     Number of y missing data patterns           1
     Number of u missing data patterns           1
     Number of clusters                        120



COVARIANCE COVERAGE OF DATA

Minimum covariance coverage value   0.100


     PROPORTION OF DATA PRESENT FOR Y


           Covariance Coverage
              NGRAM_US      FLUENCY2      FLUENCY3      FLUENCY4      NORMING_
              ________      ________      ________      ________      ________
 NGRAM_US       1.000
 FLUENCY2       1.000         1.000
 FLUENCY3       1.000         1.000         1.000
 FLUENCY4       1.000         1.000         1.000         1.000
 NORMING_       1.000         1.000         1.000         1.000         1.000
 NORMING_       1.000         1.000         1.000         1.000         1.000
 NORMING_       1.000         1.000         1.000         1.000         1.000


           Covariance Coverage
              NORMING_      NORMING_
              ________      ________
 NORMING_       1.000
 NORMING_       1.000         1.000


UNIVARIATE PROPORTIONS AND COUNTS FOR CATEGORICAL VARIABLES

    CHOICE_O
      Category 1    0.229         1097.000
      Category 2    0.213         1022.000
      Category 3    0.558         2678.000


SAMPLE STATISTICS


     ESTIMATED SAMPLE STATISTICS


           Means
              NGRAM_US      FLUENCY2      FLUENCY3      FLUENCY4      NORMING_
              ________      ________      ________      ________      ________
                2.002         4.777         4.822         4.994         2.302


           Means
              NORMING_      NORMING_
              ________      ________
                3.595         3.217


           Covariances
              NGRAM_US      FLUENCY2      FLUENCY3      FLUENCY4      NORMING_
              ________      ________      ________      ________      ________
 NGRAM_US       1.300
 FLUENCY2      -0.075         3.027
 FLUENCY3      -0.056         2.248         2.971
 FLUENCY4      -0.070         2.324         2.186         2.801
 NORMING_      -0.132         0.220         0.281         0.202         0.285
 NORMING_      -0.078         0.171         0.190         0.167         0.150
 NORMING_      -0.104         0.196         0.226         0.191         0.185


           Covariances
              NORMING_      NORMING_
              ________      ________
 NORMING_       0.238
 NORMING_       0.233         0.272


           Correlations
              NGRAM_US      FLUENCY2      FLUENCY3      FLUENCY4      NORMING_
              ________      ________      ________      ________      ________
 NGRAM_US       1.000
 FLUENCY2      -0.038         1.000
 FLUENCY3      -0.028         0.750         1.000
 FLUENCY4      -0.037         0.798         0.758         1.000
 NORMING_      -0.217         0.237         0.305         0.226         1.000
 NORMING_      -0.139         0.202         0.226         0.204         0.575
 NORMING_      -0.175         0.216         0.252         0.219         0.662


           Correlations
              NORMING_      NORMING_
              ________      ________
 NORMING_       1.000
 NORMING_       0.916         1.000


     MAXIMUM LOG-LIKELIHOOD VALUE FOR THE UNRESTRICTED (H1) MODEL IS -35424.374


UNIVARIATE SAMPLE STATISTICS


     UNIVARIATE HIGHER-ORDER MOMENT DESCRIPTIVE STATISTICS

         Variable/         Mean/     Skewness/   Minimum/ % with                Percentiles
        Sample Size      Variance    Kurtosis    Maximum  Min/Max      20%/60%    40%/80%    Median

     NGRAM_USES_MEAN       2.002       1.730       0.829    2.50%       1.217      1.443      1.575
            4797.000       1.300       2.265       5.594    2.48%       1.832      2.173
     FLUENCY2_R            4.777      -0.457       1.000    2.71%       3.000      5.000      5.000
            4797.000       3.027      -1.056       7.000   15.38%       6.000      6.000
     FLUENCY3              4.822      -0.546       1.000    2.75%       3.000      5.000      5.000
            4797.000       2.971      -0.906       7.000   15.61%       6.000      6.000
     FLUENCY4              4.994      -0.661       1.000    2.15%       3.000      5.000      6.000
            4797.000       2.801      -0.712       7.000   18.03%       6.000      6.000
     NORMING_FAMILIA       2.302      -0.142       1.351    2.50%       1.737      2.140      2.318
            4797.000       0.285      -0.884       3.386    2.50%       2.439      2.772
     NORMING_IMPORTA       3.595      -0.303       2.023    2.50%       3.182      3.386      3.545
            4797.000       0.238       1.175       4.682    2.50%       3.667      4.018
     NORMING_INTERES       3.217       0.275       2.000    2.50%       2.818      2.965      3.182
            4797.000       0.272      -0.027       4.400    2.50%       3.228      3.679


THE MODEL ESTIMATION TERMINATED NORMALLY



MODEL FIT INFORMATION

Number of Free Parameters                       25

Loglikelihood

          H0 Value                      -34980.246
          H0 Scaling Correction Factor      4.9104
            for MLR

Information Criteria

          Akaike (AIC)                   70010.493
          Bayesian (BIC)                 70172.386
          Sample-Size Adjusted BIC       70092.945
            (n* = (n + 2) / 24)



MODEL RESULTS

                                                    Two-Tailed
                    Estimate       S.E.  Est./S.E.    P-Value

 FLUENCY  BY
    FLUENCY2_R         1.000      0.000    999.000    999.000
    FLUENCY3           0.946      0.021     45.208      0.000
    FLUENCY4           0.969      0.035     27.773      0.000

 FLUENCY    ON
    NGRAM_USES         0.036      0.015      2.456      0.014
    NORMING_FA         0.608      0.050     12.105      0.000
    NORMING_IM         0.161      0.082      1.974      0.048
    NORMING_IN         0.228      0.079      2.876      0.004

 CHOICE_OAS ON
    FLUENCY            0.116      0.024      4.940      0.000

 NGRAM_USES ON
    NORMING_FA        -0.372      0.002   -246.879      0.000
    NORMING_IM         0.226      0.002     96.392      0.000
    NORMING_IN        -0.324      0.003   -122.699      0.000

 CHOICE_OAS ON
    NGRAM_USES         0.121      0.024      5.077      0.000
    NORMING_FA         0.300      0.064      4.668      0.000
    NORMING_IM        -0.366      0.134     -2.726      0.006
    NORMING_IN         1.152      0.149      7.713      0.000

 Intercepts
    NGRAM_USES         3.090      0.004    725.379      0.000
    FLUENCY2_R         1.991      0.181     11.032      0.000
    FLUENCY3           2.188      0.178     12.312      0.000
    FLUENCY4           2.295      0.181     12.666      0.000

 Thresholds
    CHOICE_O$1         2.304      0.271      8.516      0.000
    CHOICE_O$2         3.357      0.275     12.215      0.000

 Residual Variances
    NGRAM_USES         1.235      0.002    670.483      0.000
    FLUENCY2_R         0.639      0.073      8.739      0.000
    FLUENCY3           0.834      0.082     10.184      0.000
    FLUENCY4           0.558      0.128      4.376      0.000
    FLUENCY            2.174      0.109     19.975      0.000

New/Additional Parameters
    IND                0.004      0.002      2.221      0.026
    TOTAL              0.125      0.024      5.260      0.000
    PROP               0.034      0.016      2.064      0.039


LOGISTIC REGRESSION ODDS RATIO RESULTS

                                         (Est. - 1) Two-Tailed
                    Estimate       S.E.     / S.E.    P-Value

 CHOICE_OAS ON
    FLUENCY            1.123      0.026      4.663      0.000

 CHOICE_OAS ON
    NGRAM_USES         1.129      0.027      4.782      0.000
    NORMING_FA         1.350      0.087      4.033      0.000
    NORMING_IM         0.693      0.093     -3.291      0.001
    NORMING_IN         3.164      0.472      4.580      0.000


BRANT WALD TEST FOR PROPORTIONAL ODDS

                                   Degrees of
                      Chi-Square     Freedom   P-Value

  CHOICE_OAS
    Overall test         154.257         3      0.000
    NORMING_FAMI          59.516         1      0.000
    NORMING_IMPO           4.009         1      0.045
    NORMING_INTE           0.580         1      0.446


STANDARDIZED MODEL RESULTS


STDYX Standardization

                                                    Two-Tailed
                    Estimate       S.E.  Est./S.E.    P-Value

 FLUENCY  BY
    FLUENCY2_R         0.888      0.014     62.716      0.000
    FLUENCY3           0.848      0.015     57.620      0.000
    FLUENCY4           0.895      0.025     35.597      0.000

 FLUENCY    ON
    NGRAM_USES         0.027      0.011      2.453      0.014
    NORMING_FA         0.210      0.016     13.027      0.000
    NORMING_IM         0.051      0.026      1.969      0.049
    NORMING_IN         0.077      0.027      2.890      0.004

 CHOICE_OAS ON
    FLUENCY            0.094      0.019      5.038      0.000

 NGRAM_USES ON
    NORMING_FA        -0.174      0.002    -97.826      0.000
    NORMING_IM         0.097      0.001     72.547      0.000
    NORMING_IN        -0.148      0.002    -81.505      0.000

 CHOICE_OAS ON
    NGRAM_USES         0.072      0.014      5.131      0.000
    NORMING_FA         0.084      0.018      4.686      0.000
    NORMING_IM        -0.093      0.034     -2.736      0.006
    NORMING_IN         0.313      0.040      7.919      0.000

 Intercepts
    NGRAM_USES         2.710      0.002   1369.672      0.000
    FLUENCY2_R         1.144      0.112     10.258      0.000
    FLUENCY3           1.269      0.114     11.091      0.000
    FLUENCY4           1.371      0.118     11.587      0.000

 Thresholds
    CHOICE_O$1         1.201      0.135      8.883      0.000
    CHOICE_O$2         1.750      0.134     13.017      0.000

 Residual Variances
    NGRAM_USES         0.950      0.001    913.382      0.000
    FLUENCY2_R         0.211      0.025      8.375      0.000
    FLUENCY3           0.281      0.025     11.237      0.000
    FLUENCY4           0.199      0.045      4.430      0.000
    FLUENCY            0.909      0.008    111.470      0.000


STDY Standardization

                                                    Two-Tailed
                    Estimate       S.E.  Est./S.E.    P-Value

 FLUENCY  BY
    FLUENCY2_R         0.888      0.014     62.716      0.000
    FLUENCY3           0.848      0.015     57.620      0.000
    FLUENCY4           0.895      0.025     35.597      0.000

 FLUENCY    ON
    NGRAM_USES         0.027      0.011      2.453      0.014
    NORMING_FA         0.393      0.030     13.124      0.000
    NORMING_IM         0.104      0.053      1.969      0.049
    NORMING_IN         0.147      0.051      2.891      0.004

 CHOICE_OAS ON
    FLUENCY            0.094      0.019      5.038      0.000

 NGRAM_USES ON
    NORMING_FA        -0.326      0.001   -315.066      0.000
    NORMING_IM         0.198      0.002    105.511      0.000
    NORMING_IN        -0.284      0.002   -137.745      0.000

 CHOICE_OAS ON
    NGRAM_USES         0.072      0.014      5.131      0.000
    NORMING_FA         0.156      0.033      4.690      0.000
    NORMING_IM        -0.191      0.070     -2.737      0.006
    NORMING_IN         0.600      0.076      7.941      0.000

 Intercepts
    NGRAM_USES         2.710      0.002   1369.672      0.000
    FLUENCY2_R         1.144      0.112     10.258      0.000
    FLUENCY3           1.269      0.114     11.091      0.000
    FLUENCY4           1.371      0.118     11.587      0.000

 Thresholds
    CHOICE_O$1         1.201      0.135      8.883      0.000
    CHOICE_O$2         1.750      0.134     13.017      0.000

 Residual Variances
    NGRAM_USES         0.950      0.001    913.382      0.000
    FLUENCY2_R         0.211      0.025      8.375      0.000
    FLUENCY3           0.281      0.025     11.237      0.000
    FLUENCY4           0.199      0.045      4.430      0.000
    FLUENCY            0.909      0.008    111.470      0.000


STD Standardization

                                                    Two-Tailed
                    Estimate       S.E.  Est./S.E.    P-Value

 FLUENCY  BY
    FLUENCY2_R         1.546      0.039     39.978      0.000
    FLUENCY3           1.462      0.035     41.970      0.000
    FLUENCY4           1.498      0.049     30.289      0.000

 FLUENCY    ON
    NGRAM_USES         0.023      0.010      2.454      0.014
    NORMING_FA         0.393      0.030     13.124      0.000
    NORMING_IM         0.104      0.053      1.969      0.049
    NORMING_IN         0.147      0.051      2.891      0.004

 CHOICE_OAS ON
    FLUENCY            0.180      0.036      4.983      0.000

 NGRAM_USES ON
    NORMING_FA        -0.372      0.002   -246.879      0.000
    NORMING_IM         0.226      0.002     96.392      0.000
    NORMING_IN        -0.324      0.003   -122.699      0.000

 CHOICE_OAS ON
    NGRAM_USES         0.121      0.024      5.077      0.000
    NORMING_FA         0.300      0.064      4.668      0.000
    NORMING_IM        -0.366      0.134     -2.726      0.006
    NORMING_IN         1.152      0.149      7.713      0.000

 Intercepts
    NGRAM_USES         3.090      0.004    725.379      0.000
    FLUENCY2_R         1.991      0.181     11.032      0.000
    FLUENCY3           2.188      0.178     12.312      0.000
    FLUENCY4           2.295      0.181     12.666      0.000

 Thresholds
    CHOICE_O$1         2.304      0.271      8.516      0.000
    CHOICE_O$2         3.357      0.275     12.215      0.000

 Residual Variances
    NGRAM_USES         1.235      0.002    670.483      0.000
    FLUENCY2_R         0.639      0.073      8.739      0.000
    FLUENCY3           0.834      0.082     10.184      0.000
    FLUENCY4           0.558      0.128      4.376      0.000
    FLUENCY            0.909      0.008    111.470      0.000


R-SQUARE

    Observed                                        Two-Tailed
    Variable        Estimate       S.E.  Est./S.E.    P-Value

    CHOICE_O           0.106      0.012      8.808      0.000
    NGRAM_US           0.050      0.001     48.401      0.000
    FLUENCY2           0.789      0.025     31.358      0.000
    FLUENCY3           0.719      0.025     28.810      0.000
    FLUENCY4           0.801      0.045     17.799      0.000

     Latent                                         Two-Tailed
    Variable        Estimate       S.E.  Est./S.E.    P-Value

    FLUENCY            0.091      0.008     11.114      0.000


QUALITY OF NUMERICAL RESULTS

     Condition Number for the Information Matrix              0.204E-07
       (ratio of smallest to largest eigenvalue)


CONFIDENCE INTERVALS OF MODEL RESULTS

                  Lower .5%  Lower 2.5%    Lower 5%    Estimate    Upper 5%  Upper 2.5%   Upper .5%

 FLUENCY  BY
    FLUENCY2_R       1.000       1.000       1.000       1.000       1.000       1.000       1.000
    FLUENCY3         0.892       0.905       0.911       0.946       0.980       0.987       1.000
    FLUENCY4         0.879       0.900       0.911       0.969       1.026       1.037       1.059

 FLUENCY  ON
    NGRAM_USES      -0.002       0.007       0.012       0.036       0.060       0.065       0.074
    NORMING_FA       0.479       0.510       0.526       0.608       0.691       0.707       0.738
    NORMING_IM      -0.049       0.001       0.027       0.161       0.296       0.321       0.372
    NORMING_IN       0.024       0.073       0.098       0.228       0.358       0.383       0.432

 CHOICE_O ON
    FLUENCY          0.056       0.070       0.078       0.116       0.155       0.163       0.177

 NGRAM_US ON
    NORMING_FA      -0.376      -0.375      -0.374      -0.372      -0.369      -0.369      -0.368
    NORMING_IM       0.220       0.221       0.222       0.226       0.230       0.230       0.232
    NORMING_IN      -0.331      -0.329      -0.329      -0.324      -0.320      -0.319      -0.317

 CHOICE_O ON
    NGRAM_USES       0.060       0.074       0.082       0.121       0.160       0.168       0.182
    NORMING_FA       0.134       0.174       0.194       0.300       0.406       0.426       0.466
    NORMING_IM      -0.712      -0.629      -0.587      -0.366      -0.145      -0.103      -0.020
    NORMING_IN       0.767       0.859       0.906       1.152       1.397       1.444       1.536

 Intercepts
    NGRAM_USES       3.079       3.082       3.083       3.090       3.097       3.098       3.101
    FLUENCY2_R       1.526       1.638       1.695       1.991       2.288       2.345       2.456
    FLUENCY3         1.730       1.839       1.895       2.188       2.480       2.536       2.645
    FLUENCY4         1.829       1.940       1.997       2.295       2.594       2.651       2.762

 Thresholds
    CHOICE_O$1       1.607       1.774       1.859       2.304       2.749       2.834       3.001
    CHOICE_O$2       2.649       2.818       2.905       3.357       3.809       3.896       4.065

 Residual Variances
    NGRAM_USES       1.230       1.231       1.232       1.235       1.238       1.238       1.239
    FLUENCY2_R       0.450       0.495       0.518       0.639       0.759       0.782       0.827
    FLUENCY3         0.623       0.673       0.699       0.834       0.969       0.994       1.045
    FLUENCY4         0.230       0.308       0.349       0.558       0.768       0.809       0.887
    FLUENCY          1.894       1.961       1.995       2.174       2.353       2.387       2.454

New/Additional Parameters
    IND             -0.001       0.000       0.001       0.004       0.007       0.008       0.009
    TOTAL            0.064       0.079       0.086       0.125       0.164       0.172       0.186
    PROP            -0.008       0.002       0.007       0.034       0.060       0.066       0.076


CONFIDENCE INTERVALS FOR THE LOGISTIC REGRESSION ODDS RATIO RESULTS

 CHOICE_O ON
    FLUENCY          1.057       1.073       1.081       1.123       1.168       1.176       1.194

 CHOICE_O ON
    NGRAM_USES       1.061       1.077       1.085       1.129       1.174       1.182       1.200
    NORMING_FA       1.144       1.190       1.215       1.350       1.501       1.531       1.593
    NORMING_IM       0.491       0.533       0.556       0.693       0.865       0.902       0.980
    NORMING_IN       2.154       2.361       2.475       3.164       4.045       4.239       4.648


CONFIDENCE INTERVALS OF STANDARDIZED MODEL RESULTS


STDYX Standardization

                  Lower .5%  Lower 2.5%    Lower 5%    Estimate    Upper 5%  Upper 2.5%   Upper .5%

 FLUENCY  BY
    FLUENCY2_R       0.852       0.861       0.865       0.888       0.912       0.916       0.925
    FLUENCY3         0.810       0.819       0.824       0.848       0.872       0.877       0.886
    FLUENCY4         0.830       0.846       0.853       0.895       0.936       0.944       0.960

 FLUENCY  ON
    NGRAM_USES      -0.001       0.005       0.009       0.027       0.045       0.048       0.055
    NORMING_FA       0.169       0.178       0.184       0.210       0.237       0.242       0.252
    NORMING_IM      -0.016       0.000       0.008       0.051       0.093       0.101       0.117
    NORMING_IN       0.008       0.025       0.033       0.077       0.121       0.129       0.145

 CHOICE_O ON
    FLUENCY          0.046       0.057       0.063       0.094       0.124       0.130       0.142

 NGRAM_US ON
    NORMING_FA      -0.179      -0.178      -0.177      -0.174      -0.171      -0.171      -0.170
    NORMING_IM       0.093       0.094       0.094       0.097       0.099       0.099       0.100
    NORMING_IN      -0.153      -0.152      -0.151      -0.148      -0.145      -0.145      -0.144

 CHOICE_O ON
    NGRAM_USES       0.036       0.044       0.049       0.072       0.095       0.099       0.108
    NORMING_FA       0.038       0.049       0.054       0.084       0.113       0.118       0.129
    NORMING_IM      -0.181      -0.160      -0.149      -0.093      -0.037      -0.026      -0.005
    NORMING_IN       0.211       0.236       0.248       0.313       0.378       0.391       0.415

 Intercepts
    NGRAM_USES       2.705       2.706       2.707       2.710       2.713       2.714       2.715
    FLUENCY2_R       0.857       0.926       0.961       1.144       1.328       1.363       1.432
    FLUENCY3         0.974       1.045       1.081       1.269       1.457       1.493       1.564
    FLUENCY4         1.066       1.139       1.177       1.371       1.566       1.603       1.676

 Thresholds
    CHOICE_O$1       0.853       0.936       0.978       1.201       1.423       1.466       1.549
    CHOICE_O$2       1.403       1.486       1.529       1.750       1.971       2.013       2.096

 Residual Variances
    NGRAM_USES       0.947       0.948       0.948       0.950       0.951       0.952       0.952
    FLUENCY2_R       0.146       0.161       0.169       0.211       0.252       0.260       0.276
    FLUENCY3         0.216       0.232       0.240       0.281       0.322       0.330       0.345
    FLUENCY4         0.083       0.111       0.125       0.199       0.273       0.287       0.315
    FLUENCY          0.888       0.893       0.896       0.909       0.923       0.925       0.930


STDY Standardization

                  Lower .5%  Lower 2.5%    Lower 5%    Estimate    Upper 5%  Upper 2.5%   Upper .5%

 FLUENCY  BY
    FLUENCY2_R       0.852       0.861       0.865       0.888       0.912       0.916       0.925
    FLUENCY3         0.810       0.819       0.824       0.848       0.872       0.877       0.886
    FLUENCY4         0.830       0.846       0.853       0.895       0.936       0.944       0.960

 FLUENCY  ON
    NGRAM_USES      -0.001       0.005       0.009       0.027       0.045       0.048       0.055
    NORMING_FA       0.316       0.335       0.344       0.393       0.443       0.452       0.471
    NORMING_IM      -0.032       0.000       0.017       0.104       0.191       0.208       0.241
    NORMING_IN       0.016       0.047       0.064       0.147       0.231       0.247       0.279

 CHOICE_O ON
    FLUENCY          0.046       0.057       0.063       0.094       0.124       0.130       0.142

 NGRAM_US ON
    NORMING_FA      -0.329      -0.328      -0.328      -0.326      -0.324      -0.324      -0.324
    NORMING_IM       0.193       0.194       0.195       0.198       0.201       0.202       0.203
    NORMING_IN      -0.290      -0.288      -0.288      -0.284      -0.281      -0.280      -0.279

 CHOICE_O ON
    NGRAM_USES       0.036       0.044       0.049       0.072       0.095       0.099       0.108
    NORMING_FA       0.071       0.091       0.102       0.156       0.211       0.222       0.242
    NORMING_IM      -0.370      -0.327      -0.305      -0.191      -0.076      -0.054      -0.011
    NORMING_IN       0.406       0.452       0.476       0.600       0.725       0.748       0.795

 Intercepts
    NGRAM_USES       2.705       2.706       2.707       2.710       2.713       2.714       2.715
    FLUENCY2_R       0.857       0.926       0.961       1.144       1.328       1.363       1.432
    FLUENCY3         0.974       1.045       1.081       1.269       1.457       1.493       1.564
    FLUENCY4         1.066       1.139       1.177       1.371       1.566       1.603       1.676

 Thresholds
    CHOICE_O$1       0.853       0.936       0.978       1.201       1.423       1.466       1.549
    CHOICE_O$2       1.403       1.486       1.529       1.750       1.971       2.013       2.096

 Residual Variances
    NGRAM_USES       0.947       0.948       0.948       0.950       0.951       0.952       0.952
    FLUENCY2_R       0.146       0.161       0.169       0.211       0.252       0.260       0.276
    FLUENCY3         0.216       0.232       0.240       0.281       0.322       0.330       0.345
    FLUENCY4         0.083       0.111       0.125       0.199       0.273       0.287       0.315
    FLUENCY          0.888       0.893       0.896       0.909       0.923       0.925       0.930


STD Standardization

                  Lower .5%  Lower 2.5%    Lower 5%    Estimate    Upper 5%  Upper 2.5%   Upper .5%

 FLUENCY  BY
    FLUENCY2_R       1.447       1.470       1.483       1.546       1.610       1.622       1.646
    FLUENCY3         1.372       1.394       1.405       1.462       1.520       1.531       1.552
    FLUENCY4         1.370       1.401       1.416       1.498       1.579       1.595       1.625

 FLUENCY  ON
    NGRAM_USES      -0.001       0.005       0.008       0.023       0.039       0.042       0.048
    NORMING_FA       0.316       0.335       0.344       0.393       0.443       0.452       0.471
    NORMING_IM      -0.032       0.000       0.017       0.104       0.191       0.208       0.241
    NORMING_IN       0.016       0.047       0.064       0.147       0.231       0.247       0.279

 CHOICE_O ON
    FLUENCY          0.087       0.109       0.121       0.180       0.239       0.251       0.273

 NGRAM_US ON
    NORMING_FA      -0.376      -0.375      -0.374      -0.372      -0.369      -0.369      -0.368
    NORMING_IM       0.220       0.221       0.222       0.226       0.230       0.230       0.232
    NORMING_IN      -0.331      -0.329      -0.329      -0.324      -0.320      -0.319      -0.317

 CHOICE_O ON
    NGRAM_USES       0.060       0.074       0.082       0.121       0.160       0.168       0.182
    NORMING_FA       0.134       0.174       0.194       0.300       0.406       0.426       0.466
    NORMING_IM      -0.712      -0.629      -0.587      -0.366      -0.145      -0.103      -0.020
    NORMING_IN       0.767       0.859       0.906       1.152       1.397       1.444       1.536

 Intercepts
    NGRAM_USES       3.079       3.082       3.083       3.090       3.097       3.098       3.101
    FLUENCY2_R       1.526       1.638       1.695       1.991       2.288       2.345       2.456
    FLUENCY3         1.730       1.839       1.895       2.188       2.480       2.536       2.645
    FLUENCY4         1.829       1.940       1.997       2.295       2.594       2.651       2.762

 Thresholds
    CHOICE_O$1       1.607       1.774       1.859       2.304       2.749       2.834       3.001
    CHOICE_O$2       2.649       2.818       2.905       3.357       3.809       3.896       4.065

 Residual Variances
    NGRAM_USES       1.230       1.231       1.232       1.235       1.238       1.238       1.239
    FLUENCY2_R       0.450       0.495       0.518       0.639       0.759       0.782       0.827
    FLUENCY3         0.623       0.673       0.699       0.834       0.969       0.994       1.045
    FLUENCY4         0.230       0.308       0.349       0.558       0.768       0.809       0.887
    FLUENCY          0.888       0.893       0.896       0.909       0.923       0.925       0.930


DIAGRAM INFORMATION

  Use View Diagram under the Diagram menu in the Mplus Editor to view the diagram.
  If running Mplus from the Mplus Diagrammer, the diagram opens automatically.

  Diagram output
    c:\users\sweitzer.34\documents\ballots_project\study1\study1_oas.dgm

     Beginning Time:  22:47:52
        Ending Time:  22:47:57
       Elapsed Time:  00:00:05



MUTHEN & MUTHEN
3463 Stoner Ave.
Los Angeles, CA  90066

Tel: (310) 391-9971
Fax: (310) 391-8971
Web: www.StatModel.com
Support: Support@StatModel.com

Copyright (c) 1998-2018 Muthen & Muthen
